#
# A fatal error has been detected by the Java Runtime Environment:
#
#  SIGBUS (0xa) at pc=0x0000000137cec934, pid=72489, tid=35083
#
# JRE version: Java(TM) SE Runtime Environment (20.0.2+9) (build 20.0.2+9-78)
# Java VM: Java HotSpot(TM) 64-Bit Server VM (20.0.2+9-78, mixed mode, sharing, tiered, compressed oops, compressed class ptrs, g1 gc, bsd-aarch64)
# Problematic frame:
# j  com.sun.glass.ui.mac.MacApplication._submitForLaterInvocation(Ljava/lang/Runnable;)V+0 javafx.graphics
#
# No core dump will be written. Core dumps have been disabled. To enable core dumping, try "ulimit -c unlimited" before starting Java again
#
# If you would like to submit a bug report, please visit:
#   https://bugreport.java.com/bugreport/crash.jsp
# The crash happened outside the Java Virtual Machine in native code.
# See problematic frame for where to report the bug.
#

---------------  S U M M A R Y ------------

Command Line: --module-path=/Users/aneeshsallaram/.m2/repository/org/openjfx/javafx-base/17/javafx-base-17-mac-aarch64.jar:/Users/aneeshsallaram/.m2/repository/org/openjfx/javafx-base/17/javafx-base-17.jar:/Users/aneeshsallaram/.m2/repository/org/openjfx/javafx-controls/17/javafx-controls-17-mac-aarch64.jar:/Users/aneeshsallaram/.m2/repository/org/openjfx/javafx-controls/17/javafx-controls-17.jar:/Users/aneeshsallaram/.m2/repository/org/openjfx/javafx-fxml/17/javafx-fxml-17-mac-aarch64.jar:/Users/aneeshsallaram/.m2/repository/org/openjfx/javafx-fxml/17/javafx-fxml-17.jar:/Users/aneeshsallaram/.m2/repository/org/openjfx/javafx-graphics/17/javafx-graphics-17-mac-aarch64.jar:/Users/aneeshsallaram/.m2/repository/org/openjfx/javafx-graphics/17/javafx-graphics-17.jar --add-modules=javafx.base,javafx.base,javafx.controls,javafx.controls,javafx.fxml,javafx.fxml,javafx.graphics,javafx.graphics com.comp301.a09akari.Main

Host: "MacBookPro18,3" arm64, 8 cores, 16G, Darwin 21.6.0, macOS 12.6 (21G115)
Time: Mon Dec  4 14:15:53 2023 EST elapsed time: 4.207070 seconds (0d 0h 0m 4s)

---------------  T H R E A D  ---------------

Current thread (0x0000000106062600):  JavaThread "InvokeLaterDispatcher" daemon [_thread_in_native, id=35083, stack(0x0000000171a58000,0x0000000171c5b000)]

Stack: [0x0000000171a58000,0x0000000171c5b000],  sp=0x0000000171c5a940,  free space=2058k
Native frames: (J=compiled Java code, j=interpreted, Vv=VM code, C=native code)
j  com.sun.glass.ui.mac.MacApplication._submitForLaterInvocation(Ljava/lang/Runnable;)V+0 javafx.graphics
j  com.sun.glass.ui.mac.MacApplication.submitForLaterInvocation(Ljava/lang/Runnable;)V+2 javafx.graphics
j  com.sun.glass.ui.InvokeLaterDispatcher.run()V+82 javafx.graphics
v  ~StubRoutines::call_stub 0x0000000137cd8140
V  [libjvm.dylib+0x49eed0]  _ZN9JavaCalls11call_helperEP9JavaValueRK12methodHandleP17JavaCallArgumentsP10JavaThread+0x38c
V  [libjvm.dylib+0x49de94]  _ZN9JavaCalls12call_virtualEP9JavaValueP5KlassP6SymbolS5_P17JavaCallArgumentsP10JavaThread+0x148
V  [libjvm.dylib+0x49df60]  _ZN9JavaCalls12call_virtualEP9JavaValue6HandleP5KlassP6SymbolS6_P10JavaThread+0x64
V  [libjvm.dylib+0x55d728]  _ZL12thread_entryP10JavaThreadS0_+0x9c
V  [libjvm.dylib+0x4b25bc]  _ZN10JavaThread17thread_main_innerEv+0x8c
V  [libjvm.dylib+0x935db4]  _ZN6Thread8call_runEv+0xc8
V  [libjvm.dylib+0x7ee6b4]  _ZL19thread_native_entryP6Thread+0x158
C  [libsystem_pthread.dylib+0x726c]  _pthread_start+0x94
Java frames: (J=compiled Java code, j=interpreted, Vv=VM code)
j  com.sun.glass.ui.mac.MacApplication._submitForLaterInvocation(Ljava/lang/Runnable;)V+0 javafx.graphics
j  com.sun.glass.ui.mac.MacApplication.submitForLaterInvocation(Ljava/lang/Runnable;)V+2 javafx.graphics
j  com.sun.glass.ui.InvokeLaterDispatcher.run()V+82 javafx.graphics
v  ~StubRoutines::call_stub 0x0000000137cd8140

siginfo: si_signo: 10 (SIGBUS), si_code: 1 (BUS_ADRALN), si_addr: 0x0000000137cec934

Registers:
 x0=0x0000000100eec000  x1=0x0000600001f1c5e0  x2=0x0000000000000000  x3=0x00000001c084304c
 x4=0x00000000000130a8  x5=0x0000000000000000  x6=0x0000000000000000  x7=0x0000000000000000
 x8=0x5a1001b6c411000f  x9=0x5a1001b6c411000f x10=0x00000000000007fb x11=0x00000000000007fd
x12=0x000000000000005f x13=0x00000000b33d203d x14=0x00000000b35d2800 x15=0x00000000000003a5
x16=0x0000000080000000 x17=0x0000000033400000 x18=0x0000000000000000 x19=0x0000000137ceaa30
x20=0x0000000171c5a940 x21=0x0000000102a375f8 x22=0x0000000000000000 x23=0x0000000137ceba40
x24=0x0000000171c5a9c8 x25=0x0000000000000001 x26=0x000000012051d150 x27=0x0000000000000000
x28=0x0000000106062600  fp=0x0000000171c5a9a0  lr=0xd84b000137cec934  sp=0x0000000171c5a940
pc=0x0000000137cec934 cpsr=0x0000000060001000

Register to memory mapping:

 x0=0x0000000100eec000 points into unknown readable memory: 0x0000000000000000 | 00 00 00 00 00 00 00 00
 x1=0x0000600001f1c5e0 points into unknown readable memory: 0x0000ef73f727c5e0 | e0 c5 27 f7 73 ef 00 00
 x2=0x0 is NULL
 x3=0x00000001c084304c: nanov2_free_definite_size+0 in /usr/lib/system/libsystem_malloc.dylib at 0x00000001c0841000
 x4=0x00000000000130a8 is an unknown value
 x5=0x0 is NULL
 x6=0x0 is NULL
 x7=0x0 is NULL
 x8=0x5a1001b6c411000f is an unknown value
 x9=0x5a1001b6c411000f is an unknown value
x10=0x00000000000007fb is an unknown value
x11=0x00000000000007fd is an unknown value
x12=0x000000000000005f is an unknown value
x13=0x00000000b33d203d is an unknown value
x14=0x00000000b35d2800 is an unknown value
x15=0x00000000000003a5 is an unknown value
x16=0x0000000080000000 is an unknown value
x17=0x0000000033400000 is an unknown value
x18=0x0 is NULL
x19=0x0000000137ceaa30 is at code_begin+48 in an Interpreter codelet
result handlers for native calls  [0x0000000137ceaa00, 0x0000000137ceaa48]  72 bytes
x20=0x0000000171c5a940 is pointing into the stack for thread: 0x0000000106062600
x21=0x0000000102a375f8: _ZN19TemplateInterpreter13_active_tableE+0 in /Library/Java/JavaVirtualMachines/jdk-20.jdk/Contents/Home/lib/server/libjvm.dylib at 0x0000000101e4c000
x22=0x0 is NULL
x23=0x0000000137ceba40 is at code_begin+0 in an Interpreter codelet
method entry point (kind = zerolocals)  [0x0000000137ceba40, 0x0000000137cebd50]  784 bytes
x24=0x0000000171c5a9c8 is pointing into the stack for thread: 0x0000000106062600
x25=0x0000000000000001 is an unknown value
x26=0x000000012051d150 is pointing into metadata
x27=0x0 is NULL
x28=0x0000000106062600 is a thread


Top of Stack: (sp=0x0000000171c5a940)
0x0000000171c5a940:   0000000171c5a9a8 0000000120149f88
0x0000000171c5a950:   0000000171c5a950 0000000000000000
0x0000000171c5a960:   0000000171c5a9c8 000000012051d150
0x0000000171c5a970:   0000000000000000 0000000171c5a940
0x0000000171c5a980:   0000000000000000 00000001204f0ac8
0x0000000171c5a990:   0000000000000000 0000000171c5a9a0
0x0000000171c5a9a0:   0000000171c5aa20 0000000137ce93b8
0x0000000171c5a9b0:   0000000000000000 0000000000000000
0x0000000171c5a9c0:   000000070de42710 000000070e80b500
0x0000000171c5a9d0:   0000000171c5a9d0 00000001204f0b6a
0x0000000171c5a9e0:   0000000171c5aa38 000000012051d150
0x0000000171c5a9f0:   000000070e80b488 0000000171c5a9a0
0x0000000171c5aa00:   0000000000000000 00000001204f0b78
0x0000000171c5aa10:   0000000171c5a9c0 0000000171c5aa00
0x0000000171c5aa20:   0000000171c5aaa0 0000000137ce9838
0x0000000171c5aa30:   000000070de42710 000000070e80b500
0x0000000171c5aa40:   0000000000000003 0000000000000000
0x0000000171c5aa50:   0000000171c5aa40 000000012051f1da
0x0000000171c5aa60:   0000000171c5aad8 000000012051f7c8
0x0000000171c5aa70:   000000070e800108 0000000171c5aa00
0x0000000171c5aa80:   0000000000000000 000000012051f278
0x0000000171c5aa90:   0000000171c5aa30 0000000171c5aad0
0x0000000171c5aaa0:   0000000171c5abb0 0000000137cd8140
0x0000000171c5aab0:   0000000000000000 0000000000000000
0x0000000171c5aac0:   000000070e8000f0 000000070de42710
0x0000000171c5aad0:   000000070e8828f0 000000070e800070
0x0000000171c5aae0:   0000000000000000 0000000000000000
0x0000000171c5aaf0:   0000000000000000 0000000000000000
0x0000000171c5ab00:   0000000000000000 0000000000000000
0x0000000171c5ab10:   0000000000000000 0000000000000000
0x0000000171c5ab20:   0000000000000001 000000000000000f
0x0000000171c5ab30:   0000000171c5ad90 0000000000000001 

Instructions: (pc=0x0000000137cec934)
0x0000000137cec834:   f9016b9f f901679f f9400788 b40000a8
0x0000000137cec844:   d2901008 f2a6f9a8 f2c00028 d61f0100
0x0000000137cec854:   a97be3b6 f9403191 d63f0220 f85e83ac
0x0000000137cec864:   aa0003f3 b9402991 36180111 f9400591
0x0000000137cec874:   f9400631 f9400e31 f9403a31 f9400231
0x0000000137cec884:   f9000fb1 910063a1 f9402d8a d2983689
0x0000000137cec894:   f2a04d89 f2c00029 f9400129 eb09015f
0x0000000137cec8a4:   54000361 aa0c03e1 f81b83b6 aa1c03e0
0x0000000137cec8b4:   10000128 f9016788 f9016394 f9016b9d
0x0000000137cec8c4:   a9bf33e8 d28a5b88 f2a045c8 f2c00028
0x0000000137cec8d4:   d63f0100 a8c133e8 10fffffe f901639f
0x0000000137cec8e4:   f9016b9f f901679f f9400788 b40000a8
0x0000000137cec8f4:   d2901008 f2a6f9a8 f2c00028 d61f0100
0x0000000137cec904:   a97be3b6 f85e83ac f9402d8a 910b8380
0x0000000137cec914:   10000108 f9016788 f9016394 f9016b9d
0x0000000137cec924:   b27e03e8 910dd389 889ffd28 d63f0140
0x0000000137cec934:   f85e83ac d1008288 927ced1f fc1f0e80
0x0000000137cec944:   f81f8e9f f81f8e80 d28000a8 910dd389
0x0000000137cec954:   889ffd28 d5033bbf 910de388 c8dffd08
0x0000000137cec964:   eb0803bf 54000068 b9437389 b4000169
0x0000000137cec974:   aa1c03e0 d29f0789 f2a045e9 f2c00029
0x0000000137cec984:   d63f0120 f85e83ac d29d171b f2a053db
0x0000000137cec994:   f2c0003b f940037b b27d03e8 910dd389
0x0000000137cec9a4:   889ffd28 f901639f f9016b9f f901679f
0x0000000137cec9b4:   f941ab91 f900823f 10ff0411 eb13023f
0x0000000137cec9c4:   540007c1 f8410680 b4000720 360006e0
0x0000000137cec9d4:   f85ff000 a9bf7bfd 910003fd 39410391
0x0000000137cec9e4:   340005f1 b40005c0 f9401791 b40000f1
0x0000000137cec9f4:   d1002231 f9001791 f9401f89 8b090231
0x0000000137ceca04:   f9000220 14000026 a9b807e0 a9010fe2
0x0000000137ceca14:   a90217e4 a9031fe6 a9042fea a90537ec
0x0000000137ceca24:   a9063fee a90747f0 d10083ff b27bebe8 


Stack slot to memory mapping:
stack at sp + 0 slots: 0x0000000171c5a9a8 is pointing into the stack for thread: 0x0000000106062600
stack at sp + 1 slots: 0x0000000120149f88 is pointing into metadata
stack at sp + 2 slots: 0x0000000171c5a950 is pointing into the stack for thread: 0x0000000106062600
stack at sp + 3 slots: 0x0 is NULL
stack at sp + 4 slots: 0x0000000171c5a9c8 is pointing into the stack for thread: 0x0000000106062600
stack at sp + 5 slots: 0x000000012051d150 is pointing into metadata
stack at sp + 6 slots: 0x0 is NULL
stack at sp + 7 slots: 0x0000000171c5a940 is pointing into the stack for thread: 0x0000000106062600

method entry point (kind = native)  [0x0000000137cec640, 0x0000000137cecd60]  1824 bytes
[MachCode]
  0x0000000137cec640: 8205 40f9 | 4258 4079 | 986e 228b | 1823 00d1 | 9fee 7c92 | f4c3 01d1 | f603 1faa | f47f b9a9 
  0x0000000137cec660: ff7f 06a9 | 8809 40f9 | 4800 00b4 | 08a1 0391 | e833 03a9 | 9a05 40f9 | 5a07 40f9 | 5a0b 40f9 
  0x0000000137cec680: f86b 01a9 | fd7b 05a9 | fd43 0191 | ff4f 04a9 | 8a05 40f9 | 4a05 40f9 | 4a0d 40f9 | 4a39 40f9 
  0x0000000137cec6a0: 4a01 40f9 | e843 00d1 | ff23 02a9 | 1f01 0091 | e903 40b2 | 8987 0e39 | 8009 40f9 | 0001 00b4 
  0x0000000137cec6c0: 08ac 40b9 | 0809 0091 | 08ac 00b9 | 09c0 40b9 | 0801 09ea | 4031 0054 | 2300 0014 | 890d 40f9 
  0x0000000137cec6e0: 6903 00b5 | e103 0caa | b683 1bf8 | e003 1caa | 2801 0010 | 8867 01f9 | 9463 01f9 | 9d6b 01f9 
  0x0000000137cec700: e833 bfa9 | 88a3 87d2 | c845 a0f2 | 2800 c0f2 | 0001 3fd6 | e833 c1a8 | feff ff10 | 9f63 01f9 
  0x0000000137cec720: 9f6b 01f9 | 9f67 01f9 | 8807 40f9 | a800 00b4 | 0810 90d2 | a8f9 a6f2 | 2800 c0f2 | 0001 1fd6 
  0x0000000137cec740: b6e3 7ba9 | 890d 40f9 | e900 00b4 | 2809 40b9 | 0809 0091 | 2809 00b9 | 211d 40b9 | 0801 01ea 
  0x0000000137cec760: e02c 0054 | 880b 42f9 | ff63 28eb | 0802 0054 | e913 40d1 | 3f01 00f9 | e923 40d1 | 3f01 00f9 
  0x0000000137cec780: e933 40d1 | 3f01 00f9 | e943 40d1 | 3f01 00f9 | e953 40d1 | 3f01 00f9 | 8807 42f9 | ff63 28eb 
  0x0000000137cec7a0: 6900 0054 | e803 0091 | 880b 02f9 | 9f87 0e39 | a869 e5d0 | 08e5 7939 | 2801 0034 | a183 5ef8 
  0x0000000137cec7c0: e003 1caa | e833 bfa9 | 88ce 98d2 | 884d a0f2 | 2800 c0f2 | 0001 3fd6 | e833 c1a8 | 9105 40f9 
  0x0000000137cec7e0: 315a 4079 | 886e 31cb | 1fed 7c92 | f403 08aa | 9131 40f9 | 5103 00b5 | e103 0caa | b683 1bf8 
  0x0000000137cec800: e003 1caa | 2801 0010 | 8867 01f9 | 9463 01f9 | 9d6b 01f9 | e833 bfa9 | 885b 8ad2 | c845 a0f2 
  0x0000000137cec820: 2800 c0f2 | 0001 3fd6 | e833 c1a8 | feff ff10 | 9f63 01f9 | 9f6b 01f9 | 9f67 01f9 | 8807 40f9 
  0x0000000137cec840: a800 00b4 | 0810 90d2 | a8f9 a6f2 | 2800 c0f2 | 0001 1fd6 | b6e3 7ba9 | 9131 40f9 | 2002 3fd6 
  0x0000000137cec860: ac83 5ef8 | f303 00aa | 9129 40b9 | 1101 1836 | 9105 40f9 | 3106 40f9 | 310e 40f9 | 313a 40f9 
  0x0000000137cec880: 3102 40f9 | b10f 00f9 | a163 0091 | 8a2d 40f9 | 8936 98d2 | 894d a0f2 | 2900 c0f2 | 2901 40f9 
  0x0000000137cec8a0: 5f01 09eb | 6103 0054 | e103 0caa | b683 1bf8 | e003 1caa | 2801 0010 | 8867 01f9 | 9463 01f9 
  0x0000000137cec8c0: 9d6b 01f9 | e833 bfa9 | 885b 8ad2 | c845 a0f2 | 2800 c0f2 | 0001 3fd6 | e833 c1a8 | feff ff10 
  0x0000000137cec8e0: 9f63 01f9 | 9f6b 01f9 | 9f67 01f9 | 8807 40f9 | a800 00b4 | 0810 90d2 | a8f9 a6f2 | 2800 c0f2 
  0x0000000137cec900: 0001 1fd6 | b6e3 7ba9 | ac83 5ef8 | 8a2d 40f9 | 8083 0b91 | 0801 0010 | 8867 01f9 | 9463 01f9 
  0x0000000137cec920: 9d6b 01f9 | e803 7eb2 | 89d3 0d91 | 28fd 9f88 | 4001 3fd6 | ac83 5ef8 | 8882 00d1 | 1fed 7c92 
  0x0000000137cec940: 800e 1ffc | 9f8e 1ff8 | 808e 1ff8 | a800 80d2 | 89d3 0d91 | 28fd 9f88 | bf3b 03d5 | 88e3 0d91 
  0x0000000137cec960: 08fd dfc8 | bf03 08eb | 6800 0054 | 8973 43b9 | 6901 00b4 | e003 1caa | 8907 9fd2 | e945 a0f2 
  0x0000000137cec980: 2900 c0f2 | 2001 3fd6 | ac83 5ef8 | 1b17 9dd2 | db53 a0f2 | 3b00 c0f2 | 7b03 40f9 | e803 7db2 
  0x0000000137cec9a0: 89d3 0d91 | 28fd 9f88 | 9f63 01f9 | 9f6b 01f9 | 9f67 01f9 | 91ab 41f9 | 3f82 00f9 | 1104 ff10 
  0x0000000137cec9c0: 3f02 13eb | c107 0054 | 8006 41f8 | 2007 00b4 | e006 0036 | 00f0 5ff8 | fd7b bfa9 | fd03 0091 
  0x0000000137cec9e0: 9103 4139 | f105 0034 | c005 00b4 | 9117 40f9 | f100 00b4 | 3122 00d1 | 9117 00f9 | 891f 40f9 
  0x0000000137ceca00: 3102 098b | 2002 00f9 | 2600 0014 | e007 b8a9 | e20f 01a9 | e417 02a9 | e61f 03a9 | ea2f 04a9 
  0x0000000137ceca20: ec37 05a9 | ee3f 06a9 | f047 07a9 | ff83 00d1 | e8eb 7bb2 | fc2f 880c | f82f 880c | f42f 880c 
  0x0000000137ceca40: f02f 880c | e42f 880c | e02f 000c | e103 1caa | e833 bfa9 | 88f1 96d2 | a843 a0f2 | 2800 c0f2 
  0x0000000137ceca60: 0001 3fd6 | e833 c1a8 | e02f df0c | e42f df0c | f02f df0c | f42f df0c | f82f df0c | fc2f df0c 
  0x0000000137ceca80: e20f 41a9 | e417 42a9 | e61f 43a9 | ea2f 44a9 | ec37 45a9 | ee3f 46a9 | f047 47a9 | e007 c8a8 
  0x0000000137cecaa0: bf03 0091 | fd7b c1a8 | 0200 0014 | 0000 40f9 | a00f 00f9 | 9f8e 1ff8 | 808e 1ff8 | 88c3 0f91 
  0x0000000137cecac0: 0801 40b9 | 1f09 00f1 | 8104 0054 | e007 b8a9 | e20f 01a9 | e417 02a9 | e61f 03a9 | ea2f 04a9 
  0x0000000137cecae0: ec37 05a9 | ee3f 06a9 | f047 07a9 | ff83 00d1 | e8eb 7bb2 | fc2f 880c | f82f 880c | f42f 880c 
  0x0000000137cecb00: f02f 880c | e42f 880c | e02f 000c | e003 1caa | 890e 9dd2 | 894d a0f2 | 2900 c0f2 | 2001 3fd6 
  0x0000000137cecb20: e02f df0c | e42f df0c | f02f df0c | f42f df0c | f82f df0c | fc2f df0c | e20f 41a9 | e417 42a9 
  0x0000000137cecb40: e61f 43a9 | ea2f 44a9 | ec37 45a9 | ee3f 46a9 | f047 47a9 | e007 c8a8 | ac83 5ef8 | 9605 40f9 
  0x0000000137cecb60: d6e2 0091 | 8807 40f9 | 6803 00b4 | b683 1bf8 | e003 1caa | 2801 0010 | 8867 01f9 | 9463 01f9 
  0x0000000137cecb80: 9d6b 01f9 | e833 bfa9 | 0846 82d2 | c845 a0f2 | 2800 c0f2 | 0001 3fd6 | e833 c1a8 | feff ff10 
  0x0000000137cecba0: 9f63 01f9 | 9f6b 01f9 | 9f67 01f9 | 8807 40f9 | a800 00b4 | 0810 90d2 | a8f9 a6f2 | 2800 c0f2 
  0x0000000137cecbc0: 0001 1fd6 | b6e3 7ba9 | c1d5 bbd4 | bcdb 8902 | 0100 0000 | 9129 40b9 | d106 2836 | a183 01d1 
  0x0000000137cecbe0: 3104 40f9 | 7103 00b5 | b683 1bf8 | e003 1caa | 2801 0010 | 8867 01f9 | 9463 01f9 | 9d6b 01f9 
  0x0000000137cecc00: e833 bfa9 | 0870 84d2 | c845 a0f2 | 2800 c0f2 | 0001 3fd6 | e833 c1a8 | feff ff10 | 9f63 01f9 
  0x0000000137cecc20: 9f6b 01f9 | 9f67 01f9 | 8807 40f9 | a800 00b4 | 0810 90d2 | a8f9 a6f2 | 2800 c0f2 | 0001 1fd6 
  0x0000000137cecc40: b6e3 7ba9 | c1d5 bbd4 | bcdb 8902 | 0100 0000 | b683 1bf8 | 2000 00d1 | 2304 40f9 | 3f04 00f9 
  0x0000000137cecc60: 0200 40f9 | e201 00b4 | e803 00aa | 62fc e0c8 | 1f01 00eb | 6001 0054 | bf3b 03d5 | 2304 00f9 
  0x0000000137cecc80: e003 01aa | e833 bfa9 | 0851 84d2 | c845 a0f2 | 2800 c0f2 | 0001 3fd6 | e833 c1a8 | 0400 0014 
  0x0000000137cecca0: 883f 42f9 | 0805 00d1 | 883f 02f9 | b683 5bf8 | a869 e5d0 | 08e5 7939 | 2801 0034 | a183 5ef8 
  0x0000000137ceccc0: e003 1caa | e833 bfa9 | 88de 98d2 | 884d a0f2 | 2800 c0f2 | 0001 3fd6 | e833 c1a8 | 8006 41f8 
  0x0000000137cecce0: 8006 41fc | 6002 3fd6 | b483 5ff8 | bf03 0091 | fd7b c1a8 | 9f02 0091 | c003 5fd6 | 0100 80d2 
  0x0000000137cecd00: b683 1bf8 | e003 1caa | 2801 0010 | 8867 01f9 | 9463 01f9 | 9d6b 01f9 | e833 bfa9 | 08c4 86d2 
  0x0000000137cecd20: c845 a0f2 | 2800 c0f2 | 0001 3fd6 | e833 c1a8 | feff ff10 | 9f63 01f9 | 9f6b 01f9 | 9f67 01f9 
  0x0000000137cecd40: 8807 40f9 | a800 00b4 | 0810 90d2 | a8f9 a6f2 | 2800 c0f2 | 0001 1fd6 | b6e3 7ba9 | 82fe ff17 
[/MachCode]

---------------  P R O C E S S  ---------------

Threads class SMR info:
_java_thread_list=0x0000600001de7200, length=17, elements={
0x0000000128008800, 0x00000001278a4000, 0x00000001278a5600, 0x0000000128010800,
0x000000010600a400, 0x000000010780a400, 0x000000010600aa00, 0x000000010780aa00,
0x0000000107009e00, 0x00000001278a4600, 0x000000010604e200, 0x000000012780ee00,
0x0000000106062600, 0x0000000127a12a00, 0x00000001280f9a00, 0x0000000127aa1000,
0x00000001280f0000
}

Java Threads: ( => current thread )
  0x0000000128008800 JavaThread "main" [_thread_blocked, id=10243, stack(0x000000016f1d0000,0x000000016f3d3000)]
  0x00000001278a4000 JavaThread "Reference Handler" daemon [_thread_blocked, id=22019, stack(0x00000001701c8000,0x00000001703cb000)]
  0x00000001278a5600 JavaThread "Finalizer" daemon [_thread_blocked, id=22275, stack(0x00000001703d4000,0x00000001705d7000)]
  0x0000000128010800 JavaThread "Signal Dispatcher" daemon [_thread_blocked, id=22531, stack(0x00000001705e0000,0x00000001707e3000)]
  0x000000010600a400 JavaThread "Service Thread" daemon [_thread_blocked, id=42499, stack(0x00000001707ec000,0x00000001709ef000)]
  0x000000010780a400 JavaThread "Monitor Deflation Thread" daemon [_thread_blocked, id=41987, stack(0x00000001709f8000,0x0000000170bfb000)]
  0x000000010600aa00 JavaThread "C2 CompilerThread0" daemon [_thread_blocked, id=23299, stack(0x0000000170c04000,0x0000000170e07000)]
  0x000000010780aa00 JavaThread "C1 CompilerThread0" daemon [_thread_blocked, id=41475, stack(0x0000000170e10000,0x0000000171013000)]
  0x0000000107009e00 JavaThread "Common-Cleaner" daemon [_thread_blocked, id=23555, stack(0x000000017101c000,0x000000017121f000)]
  0x00000001278a4600 JavaThread "Notification Thread" daemon [_thread_blocked, id=40707, stack(0x0000000171228000,0x000000017142b000)]
  0x000000010604e200 JavaThread "JavaFX-Launcher" [_thread_blocked, id=40451, stack(0x0000000171640000,0x0000000171843000)]
  0x000000012780ee00 JavaThread "QuantumRenderer-0" daemon [_thread_blocked, id=40195, stack(0x000000017184c000,0x0000000171a4f000)]
=>0x0000000106062600 JavaThread "InvokeLaterDispatcher" daemon [_thread_in_native, id=35083, stack(0x0000000171a58000,0x0000000171c5b000)]
  0x0000000127a12a00 JavaThread "JavaFX Application Thread" [_thread_in_native, id=259, stack(0x000000016e948000,0x000000016f144000)]
  0x00000001280f9a00 JavaThread "Prism Font Disposer" daemon [_thread_blocked, id=79623, stack(0x0000000171d7c000,0x0000000171f7f000)]
  0x0000000127aa1000 JavaThread "Cleaner-0" daemon [_thread_blocked, id=75015, stack(0x00000001772b0000,0x00000001774b3000)]
  0x00000001280f0000 JavaThread "PulseTimer-CVDisplayLink thread" daemon [_thread_in_native, id=52491, stack(0x0000000171c64000,0x0000000171ce7000)]

Other Threads:
  0x0000000126e0b470 VMThread "VM Thread" [stack: 0x000000016fe18000,0x000000017001b000] [id=17923]
  0x0000000126e2b690 WatcherThread "VM Periodic Task Thread" [stack: 0x0000000171434000,0x0000000171637000] [id=24067]
  0x0000000126e074c0 WorkerThread "GC Thread#0" [stack: 0x000000016f3dc000,0x000000016f5df000] [id=12803]
  0x0000000126e7fe30 WorkerThread "GC Thread#1" [stack: 0x0000000171f88000,0x000000017218b000] [id=53763]
  0x0000000126e802d0 WorkerThread "GC Thread#2" [stack: 0x0000000172194000,0x0000000172397000] [id=79107]
  0x0000000126e80770 WorkerThread "GC Thread#3" [stack: 0x00000001723a0000,0x00000001725a3000] [id=78595]
  0x0000000126e80c10 WorkerThread "GC Thread#4" [stack: 0x00000001725ac000,0x00000001727af000] [id=54275]
  0x0000000126e810b0 WorkerThread "GC Thread#5" [stack: 0x00000001727b8000,0x00000001729bb000] [id=54531]
  0x0000000126e07b90 ConcurrentGCThread "G1 Main Marker" [stack: 0x000000016f5e8000,0x000000016f7eb000] [id=20227]
  0x0000000126e08430 WorkerThread "G1 Conc#0" [stack: 0x000000016f7f4000,0x000000016f9f7000] [id=13315]
  0x0000000126e0a2c0 ConcurrentGCThread "G1 Refine#0" [stack: 0x000000016fa00000,0x000000016fc03000] [id=19203]
  0x0000000106f04080 ConcurrentGCThread "G1 Service" [stack: 0x000000016fc0c000,0x000000016fe0f000] [id=13571]

Threads with active compile tasks:

VM state: not at safepoint (normal execution)

VM Mutex/Monitor currently owned by a thread: None

Heap address: 0x0000000700000000, size: 4096 MB, Compressed Oops mode: Zero based, Oop shift amount: 3

CDS archive(s) mapped at: [0x0000000800000000-0x0000000800c78000-0x0000000800c78000), size 13074432, SharedBaseAddress: 0x0000000800000000, ArchiveRelocationMode: 1.
Compressed class space mapped at: 0x0000000801000000-0x0000000841000000, reserved size: 1073741824
Narrow klass base: 0x0000000800000000, Narrow klass shift: 0, Narrow klass range: 0x100000000

GC Precious Log:
 CardTable entry size: 512
 Card Set container configuration: InlinePtr #cards 4 size 8 Array Of Cards #cards 16 size 48 Howl #buckets 8 coarsen threshold 3686 Howl Bitmap #cards 512 size 80 coarsen threshold 460 Card regions per heap region 1 cards per card region 4096
 CPUs: 8 total, 8 available
 Memory: 16384M
 Large Page Support: Disabled
 NUMA Support: Disabled
 Compressed Oops: Enabled (Zero based)
 Heap Region Size: 2M
 Heap Min Capacity: 8M
 Heap Initial Capacity: 256M
 Heap Max Capacity: 4G
 Pre-touch: Disabled
 Parallel Workers: 8
 Concurrent Workers: 2
 Concurrent Refinement Workers: 8
 Periodic GC: Disabled

Heap:
 garbage-first heap   total 266240K, used 37343K [0x0000000700000000, 0x0000000800000000)
  region size 2048K, 19 young (38912K), 2 survivors (4096K)
 Metaspace       used 11666K, committed 11904K, reserved 1114112K
  class space    used 1616K, committed 1728K, reserved 1048576K

Heap Regions: E=young(eden), S=young(survivor), O=old, HS=humongous(starts), HC=humongous(continues), CS=collection set, F=free, OA=open archive, CA=closed archive, TAMS=top-at-mark-start, PB=parsable bottom
|   0|0x0000000700000000, 0x0000000700200000, 0x0000000700200000|100%|HS|  |TAMS 0x0000000700000000| PB 0x0000000700000000| Complete 
|   1|0x0000000700200000, 0x0000000700200000, 0x0000000700400000|  0%| F|  |TAMS 0x0000000700200000| PB 0x0000000700200000| Untracked 
|   2|0x0000000700400000, 0x0000000700400000, 0x0000000700600000|  0%| F|  |TAMS 0x0000000700400000| PB 0x0000000700400000| Untracked 
|   3|0x0000000700600000, 0x0000000700600000, 0x0000000700800000|  0%| F|  |TAMS 0x0000000700600000| PB 0x0000000700600000| Untracked 
|   4|0x0000000700800000, 0x0000000700800000, 0x0000000700a00000|  0%| F|  |TAMS 0x0000000700800000| PB 0x0000000700800000| Untracked 
|   5|0x0000000700a00000, 0x0000000700a00000, 0x0000000700c00000|  0%| F|  |TAMS 0x0000000700a00000| PB 0x0000000700a00000| Untracked 
|   6|0x0000000700c00000, 0x0000000700c00000, 0x0000000700e00000|  0%| F|  |TAMS 0x0000000700c00000| PB 0x0000000700c00000| Untracked 
|   7|0x0000000700e00000, 0x0000000700e00000, 0x0000000701000000|  0%| F|  |TAMS 0x0000000700e00000| PB 0x0000000700e00000| Untracked 
|   8|0x0000000701000000, 0x0000000701000000, 0x0000000701200000|  0%| F|  |TAMS 0x0000000701000000| PB 0x0000000701000000| Untracked 
|   9|0x0000000701200000, 0x0000000701200000, 0x0000000701400000|  0%| F|  |TAMS 0x0000000701200000| PB 0x0000000701200000| Untracked 
|  10|0x0000000701400000, 0x0000000701400000, 0x0000000701600000|  0%| F|  |TAMS 0x0000000701400000| PB 0x0000000701400000| Untracked 
|  11|0x0000000701600000, 0x0000000701600000, 0x0000000701800000|  0%| F|  |TAMS 0x0000000701600000| PB 0x0000000701600000| Untracked 
|  12|0x0000000701800000, 0x0000000701800000, 0x0000000701a00000|  0%| F|  |TAMS 0x0000000701800000| PB 0x0000000701800000| Untracked 
|  13|0x0000000701a00000, 0x0000000701a00000, 0x0000000701c00000|  0%| F|  |TAMS 0x0000000701a00000| PB 0x0000000701a00000| Untracked 
|  14|0x0000000701c00000, 0x0000000701c00000, 0x0000000701e00000|  0%| F|  |TAMS 0x0000000701c00000| PB 0x0000000701c00000| Untracked 
|  15|0x0000000701e00000, 0x0000000701e00000, 0x0000000702000000|  0%| F|  |TAMS 0x0000000701e00000| PB 0x0000000701e00000| Untracked 
|  16|0x0000000702000000, 0x0000000702000000, 0x0000000702200000|  0%| F|  |TAMS 0x0000000702000000| PB 0x0000000702000000| Untracked 
|  17|0x0000000702200000, 0x0000000702200000, 0x0000000702400000|  0%| F|  |TAMS 0x0000000702200000| PB 0x0000000702200000| Untracked 
|  18|0x0000000702400000, 0x0000000702400000, 0x0000000702600000|  0%| F|  |TAMS 0x0000000702400000| PB 0x0000000702400000| Untracked 
|  19|0x0000000702600000, 0x0000000702600000, 0x0000000702800000|  0%| F|  |TAMS 0x0000000702600000| PB 0x0000000702600000| Untracked 
|  20|0x0000000702800000, 0x0000000702800000, 0x0000000702a00000|  0%| F|  |TAMS 0x0000000702800000| PB 0x0000000702800000| Untracked 
|  21|0x0000000702a00000, 0x0000000702a00000, 0x0000000702c00000|  0%| F|  |TAMS 0x0000000702a00000| PB 0x0000000702a00000| Untracked 
|  22|0x0000000702c00000, 0x0000000702c00000, 0x0000000702e00000|  0%| F|  |TAMS 0x0000000702c00000| PB 0x0000000702c00000| Untracked 
|  23|0x0000000702e00000, 0x0000000702e00000, 0x0000000703000000|  0%| F|  |TAMS 0x0000000702e00000| PB 0x0000000702e00000| Untracked 
|  24|0x0000000703000000, 0x0000000703000000, 0x0000000703200000|  0%| F|  |TAMS 0x0000000703000000| PB 0x0000000703000000| Untracked 
|  25|0x0000000703200000, 0x0000000703200000, 0x0000000703400000|  0%| F|  |TAMS 0x0000000703200000| PB 0x0000000703200000| Untracked 
|  26|0x0000000703400000, 0x0000000703400000, 0x0000000703600000|  0%| F|  |TAMS 0x0000000703400000| PB 0x0000000703400000| Untracked 
|  27|0x0000000703600000, 0x0000000703600000, 0x0000000703800000|  0%| F|  |TAMS 0x0000000703600000| PB 0x0000000703600000| Untracked 
|  28|0x0000000703800000, 0x0000000703800000, 0x0000000703a00000|  0%| F|  |TAMS 0x0000000703800000| PB 0x0000000703800000| Untracked 
|  29|0x0000000703a00000, 0x0000000703a00000, 0x0000000703c00000|  0%| F|  |TAMS 0x0000000703a00000| PB 0x0000000703a00000| Untracked 
|  30|0x0000000703c00000, 0x0000000703c00000, 0x0000000703e00000|  0%| F|  |TAMS 0x0000000703c00000| PB 0x0000000703c00000| Untracked 
|  31|0x0000000703e00000, 0x0000000703e00000, 0x0000000704000000|  0%| F|  |TAMS 0x0000000703e00000| PB 0x0000000703e00000| Untracked 
|  32|0x0000000704000000, 0x0000000704000000, 0x0000000704200000|  0%| F|  |TAMS 0x0000000704000000| PB 0x0000000704000000| Untracked 
|  33|0x0000000704200000, 0x0000000704200000, 0x0000000704400000|  0%| F|  |TAMS 0x0000000704200000| PB 0x0000000704200000| Untracked 
|  34|0x0000000704400000, 0x0000000704400000, 0x0000000704600000|  0%| F|  |TAMS 0x0000000704400000| PB 0x0000000704400000| Untracked 
|  35|0x0000000704600000, 0x0000000704600000, 0x0000000704800000|  0%| F|  |TAMS 0x0000000704600000| PB 0x0000000704600000| Untracked 
|  36|0x0000000704800000, 0x0000000704800000, 0x0000000704a00000|  0%| F|  |TAMS 0x0000000704800000| PB 0x0000000704800000| Untracked 
|  37|0x0000000704a00000, 0x0000000704a00000, 0x0000000704c00000|  0%| F|  |TAMS 0x0000000704a00000| PB 0x0000000704a00000| Untracked 
|  38|0x0000000704c00000, 0x0000000704c00000, 0x0000000704e00000|  0%| F|  |TAMS 0x0000000704c00000| PB 0x0000000704c00000| Untracked 
|  39|0x0000000704e00000, 0x0000000704e00000, 0x0000000705000000|  0%| F|  |TAMS 0x0000000704e00000| PB 0x0000000704e00000| Untracked 
|  40|0x0000000705000000, 0x0000000705000000, 0x0000000705200000|  0%| F|  |TAMS 0x0000000705000000| PB 0x0000000705000000| Untracked 
|  41|0x0000000705200000, 0x0000000705200000, 0x0000000705400000|  0%| F|  |TAMS 0x0000000705200000| PB 0x0000000705200000| Untracked 
|  42|0x0000000705400000, 0x0000000705400000, 0x0000000705600000|  0%| F|  |TAMS 0x0000000705400000| PB 0x0000000705400000| Untracked 
|  43|0x0000000705600000, 0x0000000705600000, 0x0000000705800000|  0%| F|  |TAMS 0x0000000705600000| PB 0x0000000705600000| Untracked 
|  44|0x0000000705800000, 0x0000000705800000, 0x0000000705a00000|  0%| F|  |TAMS 0x0000000705800000| PB 0x0000000705800000| Untracked 
|  45|0x0000000705a00000, 0x0000000705a00000, 0x0000000705c00000|  0%| F|  |TAMS 0x0000000705a00000| PB 0x0000000705a00000| Untracked 
|  46|0x0000000705c00000, 0x0000000705c00000, 0x0000000705e00000|  0%| F|  |TAMS 0x0000000705c00000| PB 0x0000000705c00000| Untracked 
|  47|0x0000000705e00000, 0x0000000705e00000, 0x0000000706000000|  0%| F|  |TAMS 0x0000000705e00000| PB 0x0000000705e00000| Untracked 
|  48|0x0000000706000000, 0x0000000706000000, 0x0000000706200000|  0%| F|  |TAMS 0x0000000706000000| PB 0x0000000706000000| Untracked 
|  49|0x0000000706200000, 0x0000000706200000, 0x0000000706400000|  0%| F|  |TAMS 0x0000000706200000| PB 0x0000000706200000| Untracked 
|  50|0x0000000706400000, 0x0000000706400000, 0x0000000706600000|  0%| F|  |TAMS 0x0000000706400000| PB 0x0000000706400000| Untracked 
|  51|0x0000000706600000, 0x0000000706600000, 0x0000000706800000|  0%| F|  |TAMS 0x0000000706600000| PB 0x0000000706600000| Untracked 
|  52|0x0000000706800000, 0x0000000706800000, 0x0000000706a00000|  0%| F|  |TAMS 0x0000000706800000| PB 0x0000000706800000| Untracked 
|  53|0x0000000706a00000, 0x0000000706a00000, 0x0000000706c00000|  0%| F|  |TAMS 0x0000000706a00000| PB 0x0000000706a00000| Untracked 
|  54|0x0000000706c00000, 0x0000000706c00000, 0x0000000706e00000|  0%| F|  |TAMS 0x0000000706c00000| PB 0x0000000706c00000| Untracked 
|  55|0x0000000706e00000, 0x0000000706e00000, 0x0000000707000000|  0%| F|  |TAMS 0x0000000706e00000| PB 0x0000000706e00000| Untracked 
|  56|0x0000000707000000, 0x0000000707000000, 0x0000000707200000|  0%| F|  |TAMS 0x0000000707000000| PB 0x0000000707000000| Untracked 
|  57|0x0000000707200000, 0x0000000707200000, 0x0000000707400000|  0%| F|  |TAMS 0x0000000707200000| PB 0x0000000707200000| Untracked 
|  58|0x0000000707400000, 0x0000000707400000, 0x0000000707600000|  0%| F|  |TAMS 0x0000000707400000| PB 0x0000000707400000| Untracked 
|  59|0x0000000707600000, 0x0000000707600000, 0x0000000707800000|  0%| F|  |TAMS 0x0000000707600000| PB 0x0000000707600000| Untracked 
|  60|0x0000000707800000, 0x0000000707800000, 0x0000000707a00000|  0%| F|  |TAMS 0x0000000707800000| PB 0x0000000707800000| Untracked 
|  61|0x0000000707a00000, 0x0000000707a00000, 0x0000000707c00000|  0%| F|  |TAMS 0x0000000707a00000| PB 0x0000000707a00000| Untracked 
|  62|0x0000000707c00000, 0x0000000707c00000, 0x0000000707e00000|  0%| F|  |TAMS 0x0000000707c00000| PB 0x0000000707c00000| Untracked 
|  63|0x0000000707e00000, 0x0000000707e00000, 0x0000000708000000|  0%| F|  |TAMS 0x0000000707e00000| PB 0x0000000707e00000| Untracked 
|  64|0x0000000708000000, 0x0000000708000000, 0x0000000708200000|  0%| F|  |TAMS 0x0000000708000000| PB 0x0000000708000000| Untracked 
|  65|0x0000000708200000, 0x0000000708200000, 0x0000000708400000|  0%| F|  |TAMS 0x0000000708200000| PB 0x0000000708200000| Untracked 
|  66|0x0000000708400000, 0x0000000708400000, 0x0000000708600000|  0%| F|  |TAMS 0x0000000708400000| PB 0x0000000708400000| Untracked 
|  67|0x0000000708600000, 0x0000000708600000, 0x0000000708800000|  0%| F|  |TAMS 0x0000000708600000| PB 0x0000000708600000| Untracked 
|  68|0x0000000708800000, 0x0000000708800000, 0x0000000708a00000|  0%| F|  |TAMS 0x0000000708800000| PB 0x0000000708800000| Untracked 
|  69|0x0000000708a00000, 0x0000000708a00000, 0x0000000708c00000|  0%| F|  |TAMS 0x0000000708a00000| PB 0x0000000708a00000| Untracked 
|  70|0x0000000708c00000, 0x0000000708c00000, 0x0000000708e00000|  0%| F|  |TAMS 0x0000000708c00000| PB 0x0000000708c00000| Untracked 
|  71|0x0000000708e00000, 0x0000000708e00000, 0x0000000709000000|  0%| F|  |TAMS 0x0000000708e00000| PB 0x0000000708e00000| Untracked 
|  72|0x0000000709000000, 0x0000000709000000, 0x0000000709200000|  0%| F|  |TAMS 0x0000000709000000| PB 0x0000000709000000| Untracked 
|  73|0x0000000709200000, 0x0000000709200000, 0x0000000709400000|  0%| F|  |TAMS 0x0000000709200000| PB 0x0000000709200000| Untracked 
|  74|0x0000000709400000, 0x0000000709400000, 0x0000000709600000|  0%| F|  |TAMS 0x0000000709400000| PB 0x0000000709400000| Untracked 
|  75|0x0000000709600000, 0x0000000709600000, 0x0000000709800000|  0%| F|  |TAMS 0x0000000709600000| PB 0x0000000709600000| Untracked 
|  76|0x0000000709800000, 0x0000000709800000, 0x0000000709a00000|  0%| F|  |TAMS 0x0000000709800000| PB 0x0000000709800000| Untracked 
|  77|0x0000000709a00000, 0x0000000709a00000, 0x0000000709c00000|  0%| F|  |TAMS 0x0000000709a00000| PB 0x0000000709a00000| Untracked 
|  78|0x0000000709c00000, 0x0000000709c00000, 0x0000000709e00000|  0%| F|  |TAMS 0x0000000709c00000| PB 0x0000000709c00000| Untracked 
|  79|0x0000000709e00000, 0x0000000709e00000, 0x000000070a000000|  0%| F|  |TAMS 0x0000000709e00000| PB 0x0000000709e00000| Untracked 
|  80|0x000000070a000000, 0x000000070a000000, 0x000000070a200000|  0%| F|  |TAMS 0x000000070a000000| PB 0x000000070a000000| Untracked 
|  81|0x000000070a200000, 0x000000070a200000, 0x000000070a400000|  0%| F|  |TAMS 0x000000070a200000| PB 0x000000070a200000| Untracked 
|  82|0x000000070a400000, 0x000000070a400000, 0x000000070a600000|  0%| F|  |TAMS 0x000000070a400000| PB 0x000000070a400000| Untracked 
|  83|0x000000070a600000, 0x000000070a600000, 0x000000070a800000|  0%| F|  |TAMS 0x000000070a600000| PB 0x000000070a600000| Untracked 
|  84|0x000000070a800000, 0x000000070a800000, 0x000000070aa00000|  0%| F|  |TAMS 0x000000070a800000| PB 0x000000070a800000| Untracked 
|  85|0x000000070aa00000, 0x000000070aa00000, 0x000000070ac00000|  0%| F|  |TAMS 0x000000070aa00000| PB 0x000000070aa00000| Untracked 
|  86|0x000000070ac00000, 0x000000070ac00000, 0x000000070ae00000|  0%| F|  |TAMS 0x000000070ac00000| PB 0x000000070ac00000| Untracked 
|  87|0x000000070ae00000, 0x000000070ae00000, 0x000000070b000000|  0%| F|  |TAMS 0x000000070ae00000| PB 0x000000070ae00000| Untracked 
|  88|0x000000070b000000, 0x000000070b000000, 0x000000070b200000|  0%| F|  |TAMS 0x000000070b000000| PB 0x000000070b000000| Untracked 
|  89|0x000000070b200000, 0x000000070b200000, 0x000000070b400000|  0%| F|  |TAMS 0x000000070b200000| PB 0x000000070b200000| Untracked 
|  90|0x000000070b400000, 0x000000070b400000, 0x000000070b600000|  0%| F|  |TAMS 0x000000070b400000| PB 0x000000070b400000| Untracked 
|  91|0x000000070b600000, 0x000000070b600000, 0x000000070b800000|  0%| F|  |TAMS 0x000000070b600000| PB 0x000000070b600000| Untracked 
|  92|0x000000070b800000, 0x000000070b800000, 0x000000070ba00000|  0%| F|  |TAMS 0x000000070b800000| PB 0x000000070b800000| Untracked 
|  93|0x000000070ba00000, 0x000000070ba00000, 0x000000070bc00000|  0%| F|  |TAMS 0x000000070ba00000| PB 0x000000070ba00000| Untracked 
|  94|0x000000070bc00000, 0x000000070bc00000, 0x000000070be00000|  0%| F|  |TAMS 0x000000070bc00000| PB 0x000000070bc00000| Untracked 
|  95|0x000000070be00000, 0x000000070be00000, 0x000000070c000000|  0%| F|  |TAMS 0x000000070be00000| PB 0x000000070be00000| Untracked 
|  96|0x000000070c000000, 0x000000070c000000, 0x000000070c200000|  0%| F|  |TAMS 0x000000070c000000| PB 0x000000070c000000| Untracked 
|  97|0x000000070c200000, 0x000000070c200000, 0x000000070c400000|  0%| F|  |TAMS 0x000000070c200000| PB 0x000000070c200000| Untracked 
|  98|0x000000070c400000, 0x000000070c400000, 0x000000070c600000|  0%| F|  |TAMS 0x000000070c400000| PB 0x000000070c400000| Untracked 
|  99|0x000000070c600000, 0x000000070c600000, 0x000000070c800000|  0%| F|  |TAMS 0x000000070c600000| PB 0x000000070c600000| Untracked 
| 100|0x000000070c800000, 0x000000070c800000, 0x000000070ca00000|  0%| F|  |TAMS 0x000000070c800000| PB 0x000000070c800000| Untracked 
| 101|0x000000070ca00000, 0x000000070ca00000, 0x000000070cc00000|  0%| F|  |TAMS 0x000000070ca00000| PB 0x000000070ca00000| Untracked 
| 102|0x000000070cc00000, 0x000000070cc00000, 0x000000070ce00000|  0%| F|  |TAMS 0x000000070cc00000| PB 0x000000070cc00000| Untracked 
| 103|0x000000070ce00000, 0x000000070ce00000, 0x000000070d000000|  0%| F|  |TAMS 0x000000070ce00000| PB 0x000000070ce00000| Untracked 
| 104|0x000000070d000000, 0x000000070d000000, 0x000000070d200000|  0%| F|  |TAMS 0x000000070d000000| PB 0x000000070d000000| Untracked 
| 105|0x000000070d200000, 0x000000070d200000, 0x000000070d400000|  0%| F|  |TAMS 0x000000070d200000| PB 0x000000070d200000| Untracked 
| 106|0x000000070d400000, 0x000000070d400000, 0x000000070d600000|  0%| F|  |TAMS 0x000000070d400000| PB 0x000000070d400000| Untracked 
| 107|0x000000070d600000, 0x000000070d600000, 0x000000070d800000|  0%| F|  |TAMS 0x000000070d600000| PB 0x000000070d600000| Untracked 
| 108|0x000000070d800000, 0x000000070d800000, 0x000000070da00000|  0%| F|  |TAMS 0x000000070d800000| PB 0x000000070d800000| Untracked 
| 109|0x000000070da00000, 0x000000070dbb4660, 0x000000070dc00000| 85%| E|  |TAMS 0x000000070da00000| PB 0x000000070da00000| Complete 
| 110|0x000000070dc00000, 0x000000070de00000, 0x000000070de00000|100%| E|CS|TAMS 0x000000070dc00000| PB 0x000000070dc00000| Complete 
| 111|0x000000070de00000, 0x000000070e000000, 0x000000070e000000|100%| E|CS|TAMS 0x000000070de00000| PB 0x000000070de00000| Complete 
| 112|0x000000070e000000, 0x000000070e200000, 0x000000070e200000|100%| E|  |TAMS 0x000000070e000000| PB 0x000000070e000000| Complete 
| 113|0x000000070e200000, 0x000000070e400000, 0x000000070e400000|100%| E|CS|TAMS 0x000000070e200000| PB 0x000000070e200000| Complete 
| 114|0x000000070e400000, 0x000000070e600000, 0x000000070e600000|100%| E|CS|TAMS 0x000000070e400000| PB 0x000000070e400000| Complete 
| 115|0x000000070e600000, 0x000000070e67ffe0, 0x000000070e800000| 24%| S|CS|TAMS 0x000000070e600000| PB 0x000000070e600000| Complete 
| 116|0x000000070e800000, 0x000000070ea00000, 0x000000070ea00000|100%| S|CS|TAMS 0x000000070e800000| PB 0x000000070e800000| Complete 
| 117|0x000000070ea00000, 0x000000070ec00000, 0x000000070ec00000|100%| E|CS|TAMS 0x000000070ea00000| PB 0x000000070ea00000| Complete 
| 118|0x000000070ec00000, 0x000000070ee00000, 0x000000070ee00000|100%| E|CS|TAMS 0x000000070ec00000| PB 0x000000070ec00000| Complete 
| 119|0x000000070ee00000, 0x000000070f000000, 0x000000070f000000|100%| E|CS|TAMS 0x000000070ee00000| PB 0x000000070ee00000| Complete 
| 120|0x000000070f000000, 0x000000070f200000, 0x000000070f200000|100%| E|CS|TAMS 0x000000070f000000| PB 0x000000070f000000| Complete 
| 121|0x000000070f200000, 0x000000070f400000, 0x000000070f400000|100%| E|CS|TAMS 0x000000070f200000| PB 0x000000070f200000| Complete 
| 122|0x000000070f400000, 0x000000070f600000, 0x000000070f600000|100%| E|CS|TAMS 0x000000070f400000| PB 0x000000070f400000| Complete 
| 123|0x000000070f600000, 0x000000070f800000, 0x000000070f800000|100%| E|CS|TAMS 0x000000070f600000| PB 0x000000070f600000| Complete 
| 124|0x000000070f800000, 0x000000070fa00000, 0x000000070fa00000|100%| E|CS|TAMS 0x000000070f800000| PB 0x000000070f800000| Complete 
| 125|0x000000070fa00000, 0x000000070fc00000, 0x000000070fc00000|100%| E|CS|TAMS 0x000000070fa00000| PB 0x000000070fa00000| Complete 
| 126|0x000000070fc00000, 0x000000070fe00000, 0x000000070fe00000|100%| E|CS|TAMS 0x000000070fc00000| PB 0x000000070fc00000| Complete 
| 127|0x000000070fe00000, 0x0000000710000000, 0x0000000710000000|100%| E|CS|TAMS 0x000000070fe00000| PB 0x000000070fe00000| Complete 
|2046|0x00000007ffc00000, 0x00000007ffd78000, 0x00000007ffe00000| 73%|OA|  |TAMS 0x00000007ffc00000| PB 0x00000007ffc00000| Untracked 
|2047|0x00000007ffe00000, 0x00000007ffe80000, 0x0000000800000000| 25%|CA|  |TAMS 0x00000007ffe00000| PB 0x00000007ffe00000| Untracked 

Card table byte_map: [0x0000000102e20000,0x0000000103620000] _byte_map_base: 0x00000000ff620000

Marking Bits: (CMBitMap*) 0x0000000127837010
 Bits: [0x0000000110000000, 0x0000000114000000)

Polling page: 0x0000000100ef8000

Metaspace:

Usage:
  Non-class:      9.81 MB used.
      Class:      1.58 MB used.
       Both:     11.39 MB used.

Virtual space:
  Non-class space:       64.00 MB reserved,       9.94 MB ( 16%) committed,  1 nodes.
      Class space:        1.00 GB reserved,       1.69 MB ( <1%) committed,  1 nodes.
             Both:        1.06 GB reserved,      11.62 MB (  1%) committed. 

Chunk freelists:
   Non-Class:  520.00 KB
       Class:  2.32 MB
        Both:  2.82 MB

MaxMetaspaceSize: unlimited
CompressedClassSpaceSize: 1.00 GB
Initial GC threshold: 21.00 MB
Current GC threshold: 21.00 MB
CDS: on
MetaspaceReclaimPolicy: balanced
 - commit_granule_bytes: 65536.
 - commit_granule_words: 8192.
 - virtual_space_node_default_size: 8388608.
 - enlarge_chunks_in_place: 1.
 - new_chunks_are_fully_committed: 0.
 - uncommit_free_chunks: 1.
 - use_allocation_guard: 0.


Internal statistics:

num_allocs_failed_limit: 0.
num_arena_births: 208.
num_arena_deaths: 0.
num_vsnodes_births: 2.
num_vsnodes_deaths: 0.
num_space_committed: 186.
num_space_uncommitted: 0.
num_chunks_returned_to_freelist: 0.
num_chunks_taken_from_freelist: 602.
num_chunk_merges: 0.
num_chunk_splits: 425.
num_chunks_enlarged: 320.
num_inconsistent_stats: 0.

CodeHeap 'non-profiled nmethods': size=120032Kb used=639Kb max_used=639Kb free=119392Kb
 bounds [0x000000013826c000, 0x00000001384dc000, 0x000000013f7a4000]
CodeHeap 'profiled nmethods': size=120016Kb used=3193Kb max_used=3193Kb free=116822Kb
 bounds [0x00000001307a4000, 0x0000000130ac4000, 0x0000000137cd8000]
CodeHeap 'non-nmethods': size=5712Kb used=1515Kb max_used=1530Kb free=4197Kb
 bounds [0x0000000137cd8000, 0x0000000137f48000, 0x000000013826c000]
 total_blobs=2623 nmethods=1862 adapters=676
 compilation: enabled
              stopped_count=0, restarted_count=0
 full_count=0

Compilation events (20 events):
Event: 4.108 Thread 0x000000010780aa00 1884   !   3       java.lang.invoke.InnerClassLambdaMetafactory::generateInnerClass (615 bytes)
Event: 4.109 Thread 0x000000010600aa00 1890       4       java.lang.invoke.MethodType::hashCode (53 bytes)
Event: 4.110 Thread 0x000000010780aa00 nmethod 1884 0x0000000130ab9390 code [0x0000000130ab9a00, 0x0000000130abc340]
Event: 4.110 Thread 0x000000010780aa00 1885       3       java.lang.invoke.InnerClassLambdaMetafactory::generateConstructor (154 bytes)
Event: 4.110 Thread 0x000000010780aa00 nmethod 1885 0x0000000130abd490 code [0x0000000130abd800, 0x0000000130abe910]
Event: 4.110 Thread 0x000000010780aa00 1887       3       java.lang.invoke.MethodHandles$Lookup$ClassFile::readUnsignedShort (39 bytes)
Event: 4.110 Thread 0x000000010780aa00 nmethod 1887 0x0000000130abef10 code [0x0000000130abf0c0, 0x0000000130abf2b8]
Event: 4.110 Thread 0x000000010780aa00 1888       3       java.lang.invoke.MethodHandle::asType (32 bytes)
Event: 4.110 Thread 0x000000010600aa00 nmethod 1890 0x000000013830b810 code [0x000000013830b9c0, 0x000000013830bba8]
Event: 4.111 Thread 0x000000010780aa00 nmethod 1888 0x0000000130abf410 code [0x0000000130abf680, 0x0000000130abfd98]
Event: 4.111 Thread 0x000000010780aa00 1886       3       java.lang.invoke.MethodHandles$Lookup::makeHiddenClassDefiner (22 bytes)
Event: 4.111 Thread 0x000000010780aa00 nmethod 1886 0x0000000130ac0010 code [0x0000000130ac01c0, 0x0000000130ac0418]
Event: 4.111 Thread 0x000000010780aa00 1889       3       java.lang.invoke.MethodHandles$Lookup::findBoundCallerLookup (30 bytes)
Event: 4.111 Thread 0x000000010780aa00 nmethod 1889 0x0000000130ac0590 code [0x0000000130ac07c0, 0x0000000130ac0e10]
Event: 4.187 Thread 0x000000010780aa00 1892       3       java.util.concurrent.locks.AbstractQueuedSynchronizer::<init> (5 bytes)
Event: 4.188 Thread 0x000000010780aa00 nmethod 1892 0x0000000130ac1090 code [0x0000000130ac1240, 0x0000000130ac1418]
Event: 4.188 Thread 0x000000010780aa00 1893       3       java.util.concurrent.locks.AbstractOwnableSynchronizer::<init> (5 bytes)
Event: 4.188 Thread 0x000000010780aa00 nmethod 1893 0x0000000130ac1510 code [0x0000000130ac16c0, 0x0000000130ac1838]
Event: 4.195 Thread 0x000000010780aa00 1894       3       java.util.WeakHashMap$HashIterator::hasNext (95 bytes)
Event: 4.196 Thread 0x000000010780aa00 nmethod 1894 0x0000000130ac1910 code [0x0000000130ac1b00, 0x0000000130ac2060]

GC Heap History (2 events):
Event: 0.545 GC heap before
{Heap before GC invocations=0 (full 0):
 garbage-first heap   total 266240K, used 24544K [0x0000000700000000, 0x0000000800000000)
  region size 2048K, 11 young (22528K), 0 survivors (0K)
 Metaspace       used 5848K, committed 6080K, reserved 1114112K
  class space    used 752K, committed 896K, reserved 1048576K
}
Event: 0.546 GC heap after
{Heap after GC invocations=1 (full 0):
 garbage-first heap   total 266240K, used 4575K [0x0000000700000000, 0x0000000800000000)
  region size 2048K, 2 young (4096K), 2 survivors (4096K)
 Metaspace       used 5848K, committed 6080K, reserved 1114112K
  class space    used 752K, committed 896K, reserved 1048576K
}

Dll operation events (10 events):
Event: 0.008 Loaded shared library /Library/Java/JavaVirtualMachines/jdk-20.jdk/Contents/Home/lib/libjava.dylib
Event: 0.066 Loaded shared library /Library/Java/JavaVirtualMachines/jdk-20.jdk/Contents/Home/lib/libnio.dylib
Event: 0.102 Loaded shared library /Library/Java/JavaVirtualMachines/jdk-20.jdk/Contents/Home/lib/libzip.dylib
Event: 0.227 Loading shared library /Users/aneeshsallaram/.m2/repository/org/openjfx/javafx-graphics/17/libprism_es2.dylib failed, dlopen(/Users/aneeshsallaram/.m2/repository/org/openjfx/javafx-graphics/17/libprism_es2.dylib, 0x0001): tried: '/Users/aneeshsallaram/.m2
Event: 0.253 Loaded shared library /Users/aneeshsallaram/.openjfx/cache/17/libprism_es2.dylib
Event: 0.287 Loading shared library /Users/aneeshsallaram/.m2/repository/org/openjfx/javafx-graphics/17/libglass.dylib failed, dlopen(/Users/aneeshsallaram/.m2/repository/org/openjfx/javafx-graphics/17/libglass.dylib, 0x0001): tried: '/Users/aneeshsallaram/.m2/reposit
Event: 0.295 Loaded shared library /Users/aneeshsallaram/.openjfx/cache/17/libglass.dylib
Event: 0.454 Loading shared library /Users/aneeshsallaram/.m2/repository/org/openjfx/javafx-graphics/17/libjavafx_font.dylib failed, dlopen(/Users/aneeshsallaram/.m2/repository/org/openjfx/javafx-graphics/17/libjavafx_font.dylib, 0x0001): tried: '/Users/aneeshsallaram
Event: 0.456 Loaded shared library /Users/aneeshsallaram/.openjfx/cache/17/libjavafx_font.dylib
Event: 0.544 Loaded shared library /Library/Java/JavaVirtualMachines/jdk-20.jdk/Contents/Home/lib/libjimage.dylib

Deoptimization events (20 events):
Event: 0.790 Thread 0x0000000127a12a00 DEOPT PACKING pc=0x00000001382c9f00 sp=0x000000016f13d9d0
Event: 0.790 Thread 0x0000000127a12a00 DEOPT UNPACKING pc=0x0000000137d2751c sp=0x000000016f13d940 mode 2
Event: 0.790 Thread 0x0000000127a12a00 Uncommon trap: trap_request=0xffffff45 fr.pc=0x00000001382b700c relative=0x000000000000020c
Event: 0.790 Thread 0x0000000127a12a00 Uncommon trap: reason=unstable_if action=reinterpret pc=0x00000001382b700c method=java.lang.String.startsWith(Ljava/lang/String;I)Z @ 50 c2
Event: 0.790 Thread 0x0000000127a12a00 DEOPT PACKING pc=0x00000001382b700c sp=0x000000016f13e0b0
Event: 0.790 Thread 0x0000000127a12a00 DEOPT UNPACKING pc=0x0000000137d2751c sp=0x000000016f13e010 mode 2
Event: 0.860 Thread 0x000000012780ee00 DEOPT PACKING pc=0x0000000130a0c514 sp=0x0000000171a4b650
Event: 0.860 Thread 0x000000012780ee00 DEOPT UNPACKING pc=0x0000000137d2737c sp=0x0000000171a4b390 mode 3
Event: 0.908 Thread 0x000000012780ee00 DEOPT PACKING pc=0x0000000130a5f028 sp=0x0000000171a4d160
Event: 0.908 Thread 0x000000012780ee00 DEOPT UNPACKING pc=0x0000000137d2737c sp=0x0000000171a4cdc0 mode 0
Event: 0.938 Thread 0x000000012780ee00 Uncommon trap: trap_request=0xffffff45 fr.pc=0x00000001382eea84 relative=0x0000000000000644
Event: 0.938 Thread 0x000000012780ee00 Uncommon trap: reason=unstable_if action=reinterpret pc=0x00000001382eea84 method=com.sun.marlin.MaskMarlinAlphaConsumer.setAndClearRelativeAlphas([I[IIII)V @ 82 c2
Event: 0.938 Thread 0x000000012780ee00 DEOPT PACKING pc=0x00000001382eea84 sp=0x0000000171a4d3e0
Event: 0.938 Thread 0x000000012780ee00 DEOPT UNPACKING pc=0x0000000137d2751c sp=0x0000000171a4d2f0 mode 2
Event: 0.943 Thread 0x000000012780ee00 DEOPT PACKING pc=0x0000000130a7e48c sp=0x0000000171a4d250
Event: 0.943 Thread 0x000000012780ee00 DEOPT UNPACKING pc=0x0000000137d2737c sp=0x0000000171a4ce00 mode 0
Event: 4.102 Thread 0x0000000127a12a00 Uncommon trap: trap_request=0xffffff45 fr.pc=0x00000001382e2264 relative=0x0000000000000064
Event: 4.102 Thread 0x0000000127a12a00 Uncommon trap: reason=unstable_if action=reinterpret pc=0x00000001382e2264 method=java.util.HashMap.isEmpty()Z @ 4 c2
Event: 4.102 Thread 0x0000000127a12a00 DEOPT PACKING pc=0x00000001382e2264 sp=0x000000016f13fee0
Event: 4.102 Thread 0x0000000127a12a00 DEOPT UNPACKING pc=0x0000000137d2751c sp=0x000000016f13fe80 mode 2

Classes loaded (20 events):
Event: 0.859 Loading class sun/misc/Unsafe
Event: 0.859 Loading class sun/misc/Unsafe done
Event: 0.860 Loading class java/lang/invoke/DirectMethodHandle$StaticAccessor
Event: 0.860 Loading class java/lang/invoke/DirectMethodHandle$StaticAccessor done
Event: 0.877 Loading class java/nio/DirectByteBuffer$Deallocator
Event: 0.878 Loading class java/nio/DirectByteBuffer$Deallocator done
Event: 0.878 Loading class java/nio/DirectShortBufferU
Event: 0.878 Loading class java/nio/ShortBuffer
Event: 0.878 Loading class java/nio/ShortBuffer done
Event: 0.878 Loading class java/nio/DirectShortBufferU done
Event: 0.886 Loading class java/nio/DoubleBuffer
Event: 0.887 Loading class java/nio/DoubleBuffer done
Event: 0.891 Loading class java/nio/DirectFloatBufferU
Event: 0.891 Loading class java/nio/DirectFloatBufferU done
Event: 1.103 Loading class java/util/EnumMap$Values
Event: 1.103 Loading class java/util/EnumMap$Values done
Event: 1.103 Loading class java/util/EnumMap$ValueIterator
Event: 1.103 Loading class java/util/EnumMap$EnumMapIterator
Event: 1.103 Loading class java/util/EnumMap$EnumMapIterator done
Event: 1.103 Loading class java/util/EnumMap$ValueIterator done

Classes unloaded (0 events):
No events

Classes redefined (0 events):
No events

Internal exceptions (20 events):
Event: 0.681 Thread 0x0000000127a12a00 Implicit null exception at 0x00000001382b6254 to 0x00000001382b643c
Event: 0.681 Thread 0x0000000127a12a00 Implicit null exception at 0x00000001382b7b24 to 0x00000001382b7b90
Event: 0.737 Thread 0x0000000127a12a00 Implicit null exception at 0x00000001382b91d0 to 0x00000001382b9714
Event: 0.757 Thread 0x0000000127a12a00 Exception <a 'java/lang/NoSuchMethodError'{0x000000070e3a4d30}: 'void java.lang.invoke.DirectMethodHandle$Holder.invokeSpecial(java.lang.Object, java.lang.Object, java.lang.Object, java.lang.Object, java.lang.Object)'> (0x000000070e3a4d30) 
thrown [open/src/hotspot/share/interpreter/linkResolver.cpp, line 773]
Event: 0.758 Thread 0x0000000127a12a00 Exception <a 'java/lang/NoSuchMethodError'{0x000000070e3b4b68}: 'java.lang.Object java.lang.invoke.DirectMethodHandle$Holder.invokeInterface(java.lang.Object, java.lang.Object, java.lang.Object)'> (0x000000070e3b4b68) 
thrown [open/src/hotspot/share/interpreter/linkResolver.cpp, line 773]
Event: 0.758 Thread 0x0000000127a12a00 Exception <a 'java/lang/IncompatibleClassChangeError'{0x000000070e3b8210}: Found class java.lang.Object, but interface was expected> (0x000000070e3b8210) 
thrown [open/src/hotspot/share/interpreter/linkResolver.cpp, line 840]
Event: 0.777 Thread 0x0000000127a12a00 Exception <a 'java/lang/NoSuchMethodError'{0x000000070e0bcf18}: 'int java.lang.invoke.DirectMethodHandle$Holder.invokeSpecial(java.lang.Object, java.lang.Object, int)'> (0x000000070e0bcf18) 
thrown [open/src/hotspot/share/interpreter/linkResolver.cpp, line 773]
Event: 0.778 Thread 0x0000000127a12a00 Exception <a 'java/lang/NoSuchMethodError'{0x000000070e0d1ab0}: 'int java.lang.invoke.DirectMethodHandle$Holder.invokeSpecial(java.lang.Object, java.lang.Object, java.lang.Object, int)'> (0x000000070e0d1ab0) 
thrown [open/src/hotspot/share/interpreter/linkResolver.cpp, line 773]
Event: 0.779 Thread 0x0000000127a12a00 Exception <a 'java/lang/NoSuchMethodError'{0x000000070e0e3af0}: 'java.lang.Object java.lang.invoke.DirectMethodHandle$Holder.invokeStatic(java.lang.Object, java.lang.Object, java.lang.Object, java.lang.Object, int)'> (0x000000070e0e3af0) 
thrown [open/src/hotspot/share/interpreter/linkResolver.cpp, line 773]
Event: 0.780 Thread 0x0000000127a12a00 Exception <a 'java/lang/NoSuchMethodError'{0x000000070e0ebeb8}: 'int java.lang.invoke.DirectMethodHandle$Holder.invokeSpecial(java.lang.Object, java.lang.Object, java.lang.Object)'> (0x000000070e0ebeb8) 
thrown [open/src/hotspot/share/interpreter/linkResolver.cpp, line 773]
Event: 0.801 Thread 0x0000000127a12a00 Exception <a 'java/lang/NoSuchMethodError'{0x000000070de22340}: 'java.lang.Object java.lang.invoke.DirectMethodHandle$Holder.newInvokeSpecial(java.lang.Object, java.lang.Object, int)'> (0x000000070de22340) 
thrown [open/src/hotspot/share/interpreter/linkResolver.cpp, line 773]
Event: 0.836 Thread 0x000000012780ee00 Exception <a 'java/lang/NoSuchMethodError'{0x000000070df0d640}: 'int java.lang.invoke.DirectMethodHandle$Holder.invokeStaticInit(java.lang.Object, java.lang.Object)'> (0x000000070df0d640) 
thrown [open/src/hotspot/share/interpreter/linkResolver.cpp, line 773]
Event: 0.842 Thread 0x000000012780ee00 Exception <a 'java/lang/NoSuchMethodError'{0x000000070df45978}: 'java.lang.Object java.lang.invoke.Invokers$Holder.invokeExact_MT(java.lang.Object, java.lang.Object, java.lang.Object, java.lang.Object, java.lang.Object)'> (0x000000070df45978) 
thrown [open/src/hotspot/share/interpreter/linkResolver.cpp, line 773]
Event: 4.101 Thread 0x0000000127a12a00 Exception <a 'java/lang/NoSuchMethodError'{0x000000070daedf00}: 'java.lang.Object java.lang.invoke.DirectMethodHandle$Holder.newInvokeSpecial(java.lang.Object, java.lang.Object, int, int, int, int, int, java.lang.Object)'> (0x000000070daedf00) 
thrown [open/src/hotspot/share/interpreter/linkResolver.cpp, line 773]
Event: 4.102 Thread 0x0000000127a12a00 Exception <a 'java/lang/NoSuchMethodError'{0x000000070db00440}: 'java.lang.Object java.lang.invoke.DirectMethodHandle$Holder.newInvokeSpecial(java.lang.Object, java.lang.Object, java.lang.Object, int, int, int, int, int)'> (0x000000070db00440) 
thrown [open/src/hotspot/share/interpreter/linkResolver.cpp, line 773]
Event: 4.102 Thread 0x0000000127a12a00 Exception <a 'java/lang/NoSuchMethodError'{0x000000070db07bc0}: 'java.lang.Object java.lang.invoke.Invokers$Holder.linkToTargetMethod(java.lang.Object, java.lang.Object, int, int, int, int, int, java.lang.Object)'> (0x000000070db07bc0) 
thrown [open/src/hotspot/share/interpreter/linkResolver.cpp, line 773]
Event: 4.108 Thread 0x0000000127a12a00 Exception <a 'java/lang/NoSuchMethodError'{0x000000070db1ec78}: 'long java.lang.invoke.DirectMethodHandle$Holder.invokeStatic(java.lang.Object, java.lang.Object, java.lang.Object)'> (0x000000070db1ec78) 
thrown [open/src/hotspot/share/interpreter/linkResolver.cpp, line 773]
Event: 4.108 Thread 0x0000000127a12a00 Exception <a 'java/lang/NoSuchMethodError'{0x000000070db22048}: 'long java.lang.invoke.DirectMethodHandle$Holder.invokeStaticInit(java.lang.Object, java.lang.Object, java.lang.Object)'> (0x000000070db22048) 
thrown [open/src/hotspot/share/interpreter/linkResolver.cpp, line 773]
Event: 4.109 Thread 0x0000000127a12a00 Exception <a 'java/lang/NoSuchMethodError'{0x000000070db3a198}: 'java.lang.Object java.lang.invoke.DirectMethodHandle$Holder.newInvokeSpecial(java.lang.Object, java.lang.Object, long)'> (0x000000070db3a198) 
thrown [open/src/hotspot/share/interpreter/linkResolver.cpp, line 773]
Event: 4.109 Thread 0x0000000127a12a00 Exception <a 'java/lang/NoSuchMethodError'{0x000000070db3d7e0}: 'java.lang.Object java.lang.invoke.Invokers$Holder.linkToTargetMethod(java.lang.Object, long, java.lang.Object)'> (0x000000070db3d7e0) 
thrown [open/src/hotspot/share/interpreter/linkResolver.cpp, line 773]

VM Operations (20 events):
Event: 0.533 Executing VM operation: HandshakeAllThreads
Event: 0.533 Executing VM operation: HandshakeAllThreads done
Event: 0.545 Executing VM operation: G1CollectForAllocation
Event: 0.546 Executing VM operation: G1CollectForAllocation done
Event: 0.567 Executing VM operation: HandshakeAllThreads
Event: 0.567 Executing VM operation: HandshakeAllThreads done
Event: 0.637 Executing VM operation: ICBufferFull
Event: 0.637 Executing VM operation: ICBufferFull done
Event: 0.751 Executing VM operation: ICBufferFull
Event: 0.751 Executing VM operation: ICBufferFull done
Event: 0.842 Executing VM operation: HandshakeAllThreads
Event: 0.842 Executing VM operation: HandshakeAllThreads done
Event: 0.934 Executing VM operation: ICBufferFull
Event: 0.934 Executing VM operation: ICBufferFull done
Event: 1.936 Executing VM operation: Cleanup
Event: 1.937 Executing VM operation: Cleanup done
Event: 2.942 Executing VM operation: Cleanup
Event: 2.942 Executing VM operation: Cleanup done
Event: 3.946 Executing VM operation: Cleanup
Event: 3.946 Executing VM operation: Cleanup done

Events (20 events):
Event: 0.297 Protecting memory [0x000000016e948000,0x000000016e954000] with protection modes 0
Event: 0.297 Thread 0x0000000127a12a00 Thread added: 0x0000000127a12a00
Event: 0.329 Thread 0x00000001280d7a00 Thread added: 0x00000001280d7a00
Event: 0.329 Protecting memory [0x0000000171c64000,0x0000000171c70000] with protection modes 0
Event: 0.365 Protecting memory [0x0000000171c64000,0x0000000171c70000] with protection modes 3
Event: 0.365 Thread 0x00000001280d7a00 Thread exited: 0x00000001280d7a00
Event: 0.399 Protecting memory [0x0000000171c64000,0x0000000171c70000] with protection modes 0
Event: 0.399 Thread 0x0000000127a20000 Thread added: 0x0000000127a20000
Event: 0.542 Thread 0x00000001280f9a00 Thread added: 0x00000001280f9a00
Event: 0.542 Protecting memory [0x0000000171d7c000,0x0000000171d88000] with protection modes 0
Event: 0.649 Protecting memory [0x0000000171c64000,0x0000000171c70000] with protection modes 3
Event: 0.649 Thread 0x0000000127a20000 Thread exited: 0x0000000127a20000
Event: 0.706 Protecting memory [0x0000000171c64000,0x0000000171c70000] with protection modes 0
Event: 0.707 Thread 0x00000001280f0000 Thread added: 0x00000001280f0000
Event: 0.853 Thread 0x0000000127aa1000 Thread added: 0x0000000127aa1000
Event: 0.853 Protecting memory [0x00000001772b0000,0x00000001772bc000] with protection modes 0
Event: 1.203 Protecting memory [0x0000000171c64000,0x0000000171c70000] with protection modes 3
Event: 1.203 Thread 0x00000001280f0000 Thread exited: 0x00000001280f0000
Event: 4.107 Protecting memory [0x0000000171c64000,0x0000000171c70000] with protection modes 0
Event: 4.107 Thread 0x00000001280f0000 Thread added: 0x00000001280f0000


Dynamic libraries:
0x0000000100cf4000 	/Library/Java/JavaVirtualMachines/jdk-20.jdk/Contents/Home/lib/libjli.dylib
0x00000001d741c000 	/System/Library/Frameworks/Cocoa.framework/Versions/A/Cocoa
0x00000001c3625000 	/System/Library/Frameworks/AppKit.framework/Versions/C/AppKit
0x00000001c6b3c000 	/System/Library/Frameworks/CoreData.framework/Versions/A/CoreData
0x00000001c1980000 	/System/Library/Frameworks/Foundation.framework/Versions/C/Foundation
0x00000001cb599000 	/usr/lib/libSystem.B.dylib
0x00000001c44de000 	/System/Library/PrivateFrameworks/UIFoundation.framework/Versions/A/UIFoundation
0x00000001d15e7000 	/System/Library/PrivateFrameworks/RemoteViewServices.framework/Versions/A/RemoteViewServices
0x00000001c9a58000 	/System/Library/PrivateFrameworks/XCTTargetBootstrap.framework/Versions/A/XCTTargetBootstrap
0x00000001cd2db000 	/System/Library/PrivateFrameworks/InternationalSupport.framework/Versions/A/InternationalSupport
0x00000001cd364000 	/System/Library/PrivateFrameworks/UserActivity.framework/Versions/A/UserActivity
0x00000001cc7d0000 	/usr/lib/libspindump.dylib
0x00000001c474f000 	/System/Library/Frameworks/UniformTypeIdentifiers.framework/Versions/A/UniformTypeIdentifiers
0x00000001c7fa0000 	/usr/lib/libapp_launch_measurement.dylib
0x00000001c74c8000 	/System/Library/PrivateFrameworks/CoreAnalytics.framework/Versions/A/CoreAnalytics
0x00000001c7fa3000 	/System/Library/PrivateFrameworks/CoreAutoLayout.framework/Versions/A/CoreAutoLayout
0x00000001c9347000 	/System/Library/Frameworks/Metal.framework/Versions/A/Metal
0x00000001ca0c1000 	/usr/lib/liblangid.dylib
0x00000001c9a5d000 	/System/Library/PrivateFrameworks/CoreSVG.framework/Versions/A/CoreSVG
0x00000001c5be6000 	/System/Library/PrivateFrameworks/SkyLight.framework/Versions/A/SkyLight
0x00000001c5fc2000 	/System/Library/Frameworks/CoreGraphics.framework/Versions/A/CoreGraphics
0x00000001d1cb3000 	/System/Library/Frameworks/Accelerate.framework/Versions/A/Accelerate
0x00000001cc247000 	/System/Library/PrivateFrameworks/IconServices.framework/Versions/A/IconServices
0x00000001c9329000 	/System/Library/Frameworks/IOSurface.framework/Versions/A/IOSurface
0x00000001c74f9000 	/usr/lib/libDiagnosticMessagesClient.dylib
0x00000001cb4e2000 	/usr/lib/libz.1.dylib
0x00000001d51b9000 	/System/Library/Frameworks/ApplicationServices.framework/Versions/A/ApplicationServices
0x00000001c9a40000 	/System/Library/PrivateFrameworks/DFRFoundation.framework/Versions/A/DFRFoundation
0x00000001c2eb5000 	/usr/lib/libicucore.A.dylib
0x00000001ce189000 	/System/Library/Frameworks/AudioToolbox.framework/Versions/A/AudioToolbox
0x00000001cd2e7000 	/System/Library/PrivateFrameworks/DataDetectorsCore.framework/Versions/A/DataDetectorsCore
0x00000001e3d05000 	/System/Library/PrivateFrameworks/TextInput.framework/Versions/A/TextInput
0x00000001c5b5b000 	/usr/lib/libMobileGestalt.dylib
0x00000001c970c000 	/System/Library/Frameworks/Carbon.framework/Versions/A/Frameworks/HIToolbox.framework/Versions/A/HIToolbox
0x00000001c7979000 	/System/Library/Frameworks/QuartzCore.framework/Versions/A/QuartzCore
0x00000001c2b36000 	/System/Library/Frameworks/Security.framework/Versions/A/Security
0x00000001d1627000 	/System/Library/Frameworks/Carbon.framework/Versions/A/Frameworks/SpeechRecognition.framework/Versions/A/SpeechRecognition
0x00000001c7cf5000 	/System/Library/PrivateFrameworks/CoreUI.framework/Versions/A/CoreUI
0x00000001c2412000 	/System/Library/Frameworks/CoreAudio.framework/Versions/A/CoreAudio
0x00000001c75ed000 	/System/Library/Frameworks/DiskArbitration.framework/Versions/A/DiskArbitration
0x00000001ccbda000 	/System/Library/PrivateFrameworks/MultitouchSupport.framework/Versions/A/MultitouchSupport
0x00000001c5b59000 	/usr/lib/libenergytrace.dylib
0x00000001c34ed000 	/System/Library/Frameworks/IOKit.framework/Versions/A/IOKit
0x00000001d1a16000 	/System/Library/Frameworks/CoreServices.framework/Versions/A/CoreServices
0x00000001c7f30000 	/System/Library/PrivateFrameworks/PerformanceAnalysis.framework/Versions/A/PerformanceAnalysis
0x00000002221af000 	/System/Library/Frameworks/OpenGL.framework/Versions/A/OpenGL
0x00000001cab34000 	/System/Library/PrivateFrameworks/MobileKeyBag.framework/Versions/A/MobileKeyBag
0x00000001c08b3000 	/usr/lib/libobjc.A.dylib
0x00000001c65d0000 	/System/Library/Frameworks/ColorSync.framework/Versions/A/ColorSync
0x00000001c0a7c000 	/System/Library/Frameworks/CoreFoundation.framework/Versions/A/CoreFoundation
0x00000001c9cdd000 	/System/Library/Frameworks/CoreImage.framework/Versions/A/CoreImage
0x00000001c2236000 	/System/Library/Frameworks/CoreText.framework/Versions/A/CoreText
0x00000001c9a8d000 	/System/Library/Frameworks/ImageIO.framework/Versions/A/ImageIO
0x00000001cb59f000 	/System/Library/PrivateFrameworks/SoftLinking.framework/Versions/A/SoftLinking
0x00000001c7fee000 	/usr/lib/libxml2.2.dylib
0x00000001c0976000 	/usr/lib/libc++.1.dylib
0x00000001cb838000 	/usr/lib/libcompression.dylib
0x00000001cd237000 	/System/Library/PrivateFrameworks/TextureIO.framework/Versions/A/TextureIO
0x00000001cbf60000 	/usr/lib/libate.dylib
0x00000001cb593000 	/usr/lib/system/libcache.dylib
0x00000001cb551000 	/usr/lib/system/libcommonCrypto.dylib
0x00000001cb57a000 	/usr/lib/system/libcompiler_rt.dylib
0x00000001cb571000 	/usr/lib/system/libcopyfile.dylib
0x00000001c07b7000 	/usr/lib/system/libcorecrypto.dylib
0x00000001c086c000 	/usr/lib/system/libdispatch.dylib
0x00000001c0a3a000 	/usr/lib/system/libdyld.dylib
0x00000001cb589000 	/usr/lib/system/libkeymgr.dylib
0x00000001cb52c000 	/usr/lib/system/libmacho.dylib
0x00000001cac1c000 	/usr/lib/system/libquarantine.dylib
0x00000001cb586000 	/usr/lib/system/libremovefile.dylib
0x00000001c5bb2000 	/usr/lib/system/libsystem_asl.dylib
0x00000001c0759000 	/usr/lib/system/libsystem_blocks.dylib
0x00000001c08f4000 	/usr/lib/system/libsystem_c.dylib
0x00000001cb57e000 	/usr/lib/system/libsystem_collections.dylib
0x00000001ca0b1000 	/usr/lib/system/libsystem_configuration.dylib
0x00000001c930a000 	/usr/lib/system/libsystem_containermanager.dylib
0x00000001cb289000 	/usr/lib/system/libsystem_coreservices.dylib
0x00000001c316b000 	/usr/lib/system/libsystem_darwin.dylib
0x00000001cb58a000 	/usr/lib/system/libsystem_dnssd.dylib
0x00000001c08f1000 	/usr/lib/system/libsystem_featureflags.dylib
0x00000001c0a4f000 	/usr/lib/system/libsystem_info.dylib
0x00000001cb4f4000 	/usr/lib/system/libsystem_m.dylib
0x00000001c0841000 	/usr/lib/system/libsystem_malloc.dylib
0x00000001c5b40000 	/usr/lib/system/libsystem_networkextension.dylib
0x00000001c35c4000 	/usr/lib/system/libsystem_notify.dylib
0x00000001d18ed000 	/usr/lib/system/libsystem_product_info_filter.dylib
0x00000001ca0b6000 	/usr/lib/system/libsystem_sandbox.dylib
0x00000001cb583000 	/usr/lib/system/libsystem_secinit.dylib
0x00000001c09f5000 	/usr/lib/system/libsystem_kernel.dylib
0x00000001c0a47000 	/usr/lib/system/libsystem_platform.dylib
0x00000001c0a2d000 	/usr/lib/system/libsystem_pthread.dylib
0x00000001c7316000 	/usr/lib/system/libsystem_symptoms.dylib
0x00000001c079d000 	/usr/lib/system/libsystem_trace.dylib
0x00000001cb55e000 	/usr/lib/system/libunwind.dylib
0x00000001c075b000 	/usr/lib/system/libxpc.dylib
0x00000001c09dd000 	/usr/lib/libc++abi.dylib
0x00000001cb569000 	/usr/lib/liboah.dylib
0x00000001cbe25000 	/usr/lib/liblzma.5.dylib
0x00000001c1673000 	/System/Library/Frameworks/SystemConfiguration.framework/Versions/A/SystemConfiguration
0x00000001cb59b000 	/usr/lib/libfakelink.dylib
0x00000001c568b000 	/System/Library/Frameworks/CFNetwork.framework/Versions/A/CFNetwork
0x00000001cb6e1000 	/usr/lib/libarchive.2.dylib
0x00000001ca0bd000 	/System/Library/PrivateFrameworks/AppleSystemInfo.framework/Versions/A/AppleSystemInfo
0x00000001cac47000 	/usr/lib/libbsm.0.dylib
0x00000001c4bf8000 	/usr/lib/libnetwork.dylib
0x00000001cb535000 	/usr/lib/system/libkxld.dylib
0x00000001ca861000 	/System/Library/PrivateFrameworks/IOMobileFramebuffer.framework/Versions/A/IOMobileFramebuffer
0x000000024059e000 	/usr/lib/libCoreEntitlements.dylib
0x00000001cb26b000 	/System/Library/PrivateFrameworks/AppleFSCompression.framework/Versions/A/AppleFSCompression
0x00000001cac2f000 	/usr/lib/libcoretls.dylib
0x00000001cbe3e000 	/usr/lib/libcoretls_cfhelpers.dylib
0x00000001cb833000 	/usr/lib/libpam.2.dylib
0x00000001c6f2c000 	/usr/lib/libsqlite3.dylib
0x00000001cbea7000 	/usr/lib/libxar.1.dylib
0x00000001cb27c000 	/usr/lib/libbz2.1.0.dylib
0x00000001cb5a0000 	/usr/lib/libpcap.A.dylib
0x00000001c730d000 	/usr/lib/libdns_services.dylib
0x00000001cb806000 	/usr/lib/libapple_nghttp2.dylib
0x00000001cb5dd000 	/usr/lib/libiconv.2.dylib
0x00000001cb52b000 	/usr/lib/libcharset.1.dylib
0x00000001c7f6c000 	/System/Library/Frameworks/CoreServices.framework/Versions/A/Frameworks/FSEvents.framework/Versions/A/FSEvents
0x00000001c3176000 	/System/Library/Frameworks/CoreServices.framework/Versions/A/Frameworks/CarbonCore.framework/Versions/A/CarbonCore
0x00000001c754d000 	/System/Library/Frameworks/CoreServices.framework/Versions/A/Frameworks/Metadata.framework/Versions/A/Metadata
0x00000001cb28f000 	/System/Library/Frameworks/CoreServices.framework/Versions/A/Frameworks/OSServices.framework/Versions/A/OSServices
0x00000001cb767000 	/System/Library/Frameworks/CoreServices.framework/Versions/A/Frameworks/SearchKit.framework/Versions/A/SearchKit
0x00000001c729b000 	/System/Library/Frameworks/CoreServices.framework/Versions/A/Frameworks/AE.framework/Versions/A/AE
0x00000001c0fc3000 	/System/Library/Frameworks/CoreServices.framework/Versions/A/Frameworks/LaunchServices.framework/Versions/A/LaunchServices
0x00000001cbdce000 	/System/Library/Frameworks/CoreServices.framework/Versions/A/Frameworks/DictionaryServices.framework/Versions/A/DictionaryServices
0x00000001c7f79000 	/System/Library/Frameworks/CoreServices.framework/Versions/A/Frameworks/SharedFileList.framework/Versions/A/SharedFileList
0x00000001cac1f000 	/usr/lib/libCheckFix.dylib
0x00000001c5bca000 	/System/Library/PrivateFrameworks/TCC.framework/Versions/A/TCC
0x00000001ca0c3000 	/System/Library/PrivateFrameworks/CoreNLP.framework/Versions/A/CoreNLP
0x00000001c74fc000 	/System/Library/PrivateFrameworks/MetadataUtilities.framework/Versions/A/MetadataUtilities
0x00000001c172d000 	/usr/lib/libmecabra.dylib
0x00000001cac58000 	/usr/lib/libmecab.dylib
0x00000001c16f9000 	/usr/lib/libCRFSuite.dylib
0x00000001cacb5000 	/usr/lib/libgermantok.dylib
0x00000001cb7df000 	/usr/lib/libThaiTokenizer.dylib
0x00000001c75f5000 	/System/Library/Frameworks/Accelerate.framework/Versions/A/Frameworks/vImage.framework/Versions/A/vImage
0x00000001d19ed000 	/System/Library/Frameworks/Accelerate.framework/Versions/A/Frameworks/vecLib.framework/Versions/A/vecLib
0x00000001cbeec000 	/System/Library/Frameworks/Accelerate.framework/Versions/A/Frameworks/vecLib.framework/Versions/A/libvMisc.dylib
0x00000001ca768000 	/System/Library/Frameworks/Accelerate.framework/Versions/A/Frameworks/vecLib.framework/Versions/A/libvDSP.dylib
0x00000001c134e000 	/System/Library/Frameworks/Accelerate.framework/Versions/A/Frameworks/vecLib.framework/Versions/A/libBLAS.dylib
0x00000001cb909000 	/System/Library/Frameworks/Accelerate.framework/Versions/A/Frameworks/vecLib.framework/Versions/A/libLAPACK.dylib
0x00000001cacb8000 	/System/Library/Frameworks/Accelerate.framework/Versions/A/Frameworks/vecLib.framework/Versions/A/libLinearAlgebra.dylib
0x00000001cb81e000 	/System/Library/Frameworks/Accelerate.framework/Versions/A/Frameworks/vecLib.framework/Versions/A/libSparseBLAS.dylib
0x00000001cb904000 	/System/Library/Frameworks/Accelerate.framework/Versions/A/Frameworks/vecLib.framework/Versions/A/libQuadrature.dylib
0x00000001ca1bc000 	/System/Library/Frameworks/Accelerate.framework/Versions/A/Frameworks/vecLib.framework/Versions/A/libBNNS.dylib
0x00000001c160c000 	/System/Library/Frameworks/Accelerate.framework/Versions/A/Frameworks/vecLib.framework/Versions/A/libSparse.dylib
0x00000001ca1b4000 	/System/Library/PrivateFrameworks/LinguisticData.framework/Versions/A/LinguisticData
0x00000001c15c4000 	/System/Library/PrivateFrameworks/Lexicon.framework/Versions/A/Lexicon
0x00000001cbee4000 	/usr/lib/libChineseTokenizer.dylib
0x00000001c1d72000 	/System/Library/PrivateFrameworks/LanguageModeling.framework/Versions/A/LanguageModeling
0x00000001cb7e1000 	/System/Library/PrivateFrameworks/AppleSauce.framework/Versions/A/AppleSauce
0x00000001ca84e000 	/System/Library/PrivateFrameworks/CoreEmoji.framework/Versions/A/CoreEmoji
0x00000001cb6cf000 	/usr/lib/libcmph.dylib
0x00000001c7f4c000 	/System/Library/Frameworks/OpenDirectory.framework/Versions/A/Frameworks/CFOpenDirectory.framework/Versions/A/CFOpenDirectory
0x00000001c7f3c000 	/System/Library/Frameworks/OpenDirectory.framework/Versions/A/OpenDirectory
0x00000001cbe40000 	/System/Library/PrivateFrameworks/APFS.framework/Versions/A/APFS
0x00000001cab6f000 	/System/Library/Frameworks/SecurityFoundation.framework/Versions/A/SecurityFoundation
0x00000001cbeb6000 	/usr/lib/libutil.dylib
0x00000001c34af000 	/System/Library/PrivateFrameworks/CoreServicesStore.framework/Versions/A/CoreServicesStore
0x00000001cbeba000 	/usr/lib/libxslt.1.dylib
0x00000001cac03000 	/System/Library/PrivateFrameworks/BackgroundTaskManagement.framework/Versions/A/BackgroundTaskManagement
0x00000001cd158000 	/System/Library/Frameworks/ImageIO.framework/Versions/A/Resources/libRadiance.dylib
0x00000001cd161000 	/System/Library/Frameworks/ImageIO.framework/Versions/A/Resources/libJPEG.dylib
0x00000001cd0b2000 	/System/Library/Frameworks/ImageIO.framework/Versions/A/Resources/libPng.dylib
0x00000001cd0d4000 	/System/Library/Frameworks/ImageIO.framework/Versions/A/Resources/libTIFF.dylib
0x00000001cd1bc000 	/System/Library/Frameworks/ImageIO.framework/Versions/A/Resources/libGIF.dylib
0x00000001ccaea000 	/System/Library/Frameworks/ImageIO.framework/Versions/A/Resources/libJP2.dylib
0x00000001cc20c000 	/usr/lib/libexpat.1.dylib
0x00000001ccaa5000 	/System/Library/PrivateFrameworks/AppleJPEG.framework/Versions/A/AppleJPEG
0x00000001c95c8000 	/System/Library/PrivateFrameworks/FontServices.framework/libFontParser.dylib
0x00000001c7240000 	/System/Library/PrivateFrameworks/RunningBoardServices.framework/Versions/A/RunningBoardServices
0x00000001d7af3000 	/System/Library/PrivateFrameworks/IOSurfaceAccelerator.framework/Versions/A/IOSurfaceAccelerator
0x00000001ccbd6000 	/System/Library/PrivateFrameworks/WatchdogClient.framework/Versions/A/WatchdogClient
0x00000001c1e72000 	/System/Library/Frameworks/CoreDisplay.framework/Versions/A/CoreDisplay
0x00000001c94b2000 	/System/Library/Frameworks/CoreMedia.framework/Versions/A/CoreMedia
0x00000001c933d000 	/System/Library/PrivateFrameworks/IOAccelerator.framework/Versions/A/IOAccelerator
0x00000001c80dc000 	/System/Library/Frameworks/CoreVideo.framework/Versions/A/CoreVideo
0x00000001cb831000 	/System/Library/Frameworks/MetalPerformanceShaders.framework/Versions/A/MetalPerformanceShaders
0x00000001ccc15000 	/System/Library/Frameworks/VideoToolbox.framework/Versions/A/VideoToolbox
0x00000001c7184000 	/System/Library/PrivateFrameworks/BaseBoard.framework/Versions/A/BaseBoard
0x00000001c6f12000 	/System/Library/PrivateFrameworks/ProtocolBuffer.framework/Versions/A/ProtocolBuffer
0x00000001cd153000 	/System/Library/PrivateFrameworks/GPUWrangler.framework/Versions/A/GPUWrangler
0x00000001cd133000 	/System/Library/PrivateFrameworks/IOPresentment.framework/Versions/A/IOPresentment
0x00000001cd15b000 	/System/Library/PrivateFrameworks/DSExternalDisplay.framework/Versions/A/DSExternalDisplay
0x00000002221a2000 	/System/Library/Frameworks/OpenGL.framework/Versions/A/Libraries/libCoreFSCache.dylib
0x000000022d06c000 	/System/Library/PrivateFrameworks/GPUCompiler.framework/Versions/31001/Libraries/libGPUCompilerUtils.dylib
0x00000001cd1c1000 	/System/Library/PrivateFrameworks/CMCaptureCore.framework/Versions/A/CMCaptureCore
0x00000001cc7bd000 	/System/Library/PrivateFrameworks/AppServerSupport.framework/Versions/A/AppServerSupport
0x00000001cea47000 	/System/Library/PrivateFrameworks/perfdata.framework/Versions/A/perfdata
0x00000001c1f92000 	/System/Library/PrivateFrameworks/AudioToolboxCore.framework/Versions/A/AudioToolboxCore
0x00000001c948b000 	/System/Library/PrivateFrameworks/caulk.framework/Versions/A/caulk
0x00000001ce33c000 	/usr/lib/libAudioStatistics.dylib
0x00000001e0358000 	/System/Library/PrivateFrameworks/SystemPolicy.framework/Versions/A/SystemPolicy
0x00000001ce5a8000 	/usr/lib/libSMC.dylib
0x00000001d72fa000 	/System/Library/Frameworks/CoreMIDI.framework/Versions/A/CoreMIDI
0x00000001cd080000 	/usr/lib/libAudioToolboxUtility.dylib
0x00000001dc4bb000 	/System/Library/PrivateFrameworks/OSAServicesClient.framework/Versions/A/OSAServicesClient
0x00000001cea54000 	/usr/lib/libperfcheck.dylib
0x00000001e0e77000 	/usr/lib/libmis.dylib
0x0000000222204000 	/System/Library/Frameworks/OpenGL.framework/Versions/A/Libraries/libGLU.dylib
0x00000002221c3000 	/System/Library/Frameworks/OpenGL.framework/Versions/A/Libraries/libGFXShared.dylib
0x00000002223b0000 	/System/Library/Frameworks/OpenGL.framework/Versions/A/Libraries/libGL.dylib
0x00000002221cc000 	/System/Library/Frameworks/OpenGL.framework/Versions/A/Libraries/libGLImage.dylib
0x00000002221c0000 	/System/Library/Frameworks/OpenGL.framework/Versions/A/Libraries/libCVMSPluginSupport.dylib
0x00000002221a9000 	/System/Library/Frameworks/OpenGL.framework/Versions/A/Libraries/libCoreVMClient.dylib
0x00000001ca03d000 	/System/Library/Frameworks/MetalPerformanceShaders.framework/Versions/A/Frameworks/MPSCore.framework/Versions/A/MPSCore
0x00000001cb1de000 	/System/Library/Frameworks/MetalPerformanceShaders.framework/Versions/A/Frameworks/MPSImage.framework/Versions/A/MPSImage
0x00000001caccd000 	/System/Library/Frameworks/MetalPerformanceShaders.framework/Versions/A/Frameworks/MPSNeuralNetwork.framework/Versions/A/MPSNeuralNetwork
0x00000001cb106000 	/System/Library/Frameworks/MetalPerformanceShaders.framework/Versions/A/Frameworks/MPSMatrix.framework/Versions/A/MPSMatrix
0x00000001caedf000 	/System/Library/Frameworks/MetalPerformanceShaders.framework/Versions/A/Frameworks/MPSRayIntersector.framework/Versions/A/MPSRayIntersector
0x00000001cb137000 	/System/Library/Frameworks/MetalPerformanceShaders.framework/Versions/A/Frameworks/MPSNDArray.framework/Versions/A/MPSNDArray
0x0000000224cab000 	/System/Library/Frameworks/MetalPerformanceShaders.framework/Versions/A/Frameworks/MPSFunctions.framework/Versions/A/MPSFunctions
0x00000001c1224000 	/System/Library/PrivateFrameworks/MetalTools.framework/Versions/A/MetalTools
0x00000001ca0bb000 	/System/Library/PrivateFrameworks/AggregateDictionary.framework/Versions/A/AggregateDictionary
0x00000001cbff1000 	/usr/lib/libIOReport.dylib
0x00000001d6313000 	/System/Library/PrivateFrameworks/ASEProcessing.framework/Versions/A/ASEProcessing
0x00000001cc366000 	/System/Library/PrivateFrameworks/FaceCore.framework/Versions/A/FaceCore
0x00000001cc358000 	/System/Library/PrivateFrameworks/GraphVisualizer.framework/Versions/A/GraphVisualizer
0x000000022cf83000 	/System/Library/PrivateFrameworks/FontServices.framework/Versions/A/FontServices
0x00000001cc779000 	/System/Library/PrivateFrameworks/OTSVG.framework/Versions/A/OTSVG
0x00000001c7ca5000 	/System/Library/Frameworks/ApplicationServices.framework/Versions/A/Frameworks/ATS.framework/Versions/A/Resources/libFontRegistry.dylib
0x00000001cc7c6000 	/System/Library/PrivateFrameworks/FontServices.framework/libhvf.dylib
0x000000022cf84000 	/System/Library/PrivateFrameworks/FontServices.framework/libXTFontStaticRegistryData.dylib
0x0000000222551000 	/System/Library/Frameworks/OpenCL.framework/Versions/A/OpenCL
0x00000001cc1c0000 	/System/Library/PrivateFrameworks/AppleVA.framework/Versions/A/AppleVA
0x00000001ce364000 	/System/Library/Frameworks/ApplicationServices.framework/Versions/A/Frameworks/ATS.framework/Versions/A/ATS
0x00000001c66cf000 	/System/Library/Frameworks/ApplicationServices.framework/Versions/A/Frameworks/HIServices.framework/Versions/A/HIServices
0x00000001cd1cb000 	/System/Library/Frameworks/ApplicationServices.framework/Versions/A/Frameworks/PrintCore.framework/Versions/A/PrintCore
0x00000001ce6fb000 	/System/Library/Frameworks/ApplicationServices.framework/Versions/A/Frameworks/QD.framework/Versions/A/QD
0x00000001ce6f3000 	/System/Library/Frameworks/ApplicationServices.framework/Versions/A/Frameworks/ColorSyncLegacy.framework/Versions/A/ColorSyncLegacy
0x00000001ce350000 	/System/Library/Frameworks/ApplicationServices.framework/Versions/A/Frameworks/SpeechSynthesis.framework/Versions/A/SpeechSynthesis
0x00000001cd18c000 	/System/Library/Frameworks/ApplicationServices.framework/Versions/A/Frameworks/ATSUI.framework/Versions/A/ATSUI
0x00000001ce688000 	/usr/lib/libcups.2.dylib
0x00000001cea62000 	/System/Library/Frameworks/Kerberos.framework/Versions/A/Kerberos
0x00000001cea73000 	/System/Library/Frameworks/GSS.framework/Versions/A/GSS
0x00000001ce3d4000 	/usr/lib/libresolv.9.dylib
0x00000001cc7d5000 	/System/Library/PrivateFrameworks/Heimdal.framework/Versions/A/Heimdal
0x00000001d5549000 	/System/Library/Frameworks/Kerberos.framework/Versions/A/Libraries/libHeimdalProxy.dylib
0x00000001c731f000 	/System/Library/Frameworks/Network.framework/Versions/A/Network
0x00000001cc227000 	/usr/lib/libheimdal-asn1.dylib
0x00000001ceac3000 	/System/Library/PrivateFrameworks/CommonAuth.framework/Versions/A/CommonAuth
0x00000001ce2ca000 	/System/Library/PrivateFrameworks/AudioSession.framework/Versions/A/AudioSession
0x00000001cc2b9000 	/System/Library/PrivateFrameworks/MediaExperience.framework/Versions/A/MediaExperience
0x00000001ce14f000 	/System/Library/PrivateFrameworks/AudioSession.framework/libSessionUtility.dylib
0x00000001ce707000 	/System/Library/PrivateFrameworks/AudioResourceArbitration.framework/Versions/A/AudioResourceArbitration
0x00000001d28ca000 	/System/Library/PrivateFrameworks/PowerLog.framework/Versions/A/PowerLog
0x00000001cc231000 	/System/Library/PrivateFrameworks/IconFoundation.framework/Versions/A/IconFoundation
0x00000001d1613000 	/System/Library/PrivateFrameworks/SpeechRecognitionCore.framework/Versions/A/SpeechRecognitionCore
0x0000000101e4c000 	/Library/Java/JavaVirtualMachines/jdk-20.jdk/Contents/Home/lib/server/libjvm.dylib
0x0000000100f0c000 	/Library/Java/JavaVirtualMachines/jdk-20.jdk/Contents/Home/lib/libjimage.dylib
0x0000000100f94000 	/Library/Java/JavaVirtualMachines/jdk-20.jdk/Contents/Home/lib/libjava.dylib
0x0000000101a28000 	/Library/Java/JavaVirtualMachines/jdk-20.jdk/Contents/Home/lib/libnio.dylib
0x0000000101a08000 	/Library/Java/JavaVirtualMachines/jdk-20.jdk/Contents/Home/lib/libnet.dylib
0x0000000101a70000 	/Library/Java/JavaVirtualMachines/jdk-20.jdk/Contents/Home/lib/libzip.dylib
0x0000000101a48000 	/Users/aneeshsallaram/.openjfx/cache/17/libprism_es2.dylib
0x00000001c3472000 	/System/Library/PrivateFrameworks/CoreServicesInternal.framework/Versions/A/CoreServicesInternal
0x00000002223ba000 	/System/Library/Frameworks/OpenGL.framework/Versions/A/Resources/GLEngine.bundle/GLEngine
0x0000000222242000 	/System/Library/Frameworks/OpenGL.framework/Versions/A/Libraries/libGLProgrammability.dylib
0x0000000106800000 	/System/Library/Extensions/AppleMetalOpenGLRenderer.bundle/Contents/MacOS/AppleMetalOpenGLRenderer
0x0000000222529000 	/System/Library/Frameworks/OpenGL.framework/Versions/A/Resources/GLRendererFloat.bundle/GLRendererFloat
0x0000000207454000 	/System/Library/Extensions/AGXMetalG13X.bundle/Contents/MacOS/AGXMetalG13X
0x00000001e0e93000 	/System/Library/PrivateFrameworks/GPURawCounter.framework/Versions/A/GPURawCounter
0x00000001db624000 	/System/Library/PrivateFrameworks/IOGPU.framework/Versions/A/IOGPU
0x0000000105f44000 	/Users/aneeshsallaram/.openjfx/cache/17/libglass.dylib
0x00000001d2b22000 	/System/Library/Frameworks/FileProvider.framework/Versions/A/FileProvider
0x00000001c70ec000 	/System/Library/Frameworks/Accounts.framework/Versions/A/Accounts
0x00000001d2ca6000 	/System/Library/PrivateFrameworks/GenerationalStorage.framework/Versions/A/GenerationalStorage
0x00000001d3869000 	/System/Library/PrivateFrameworks/CoreSymbolication.framework/Versions/A/CoreSymbolication
0x00000001d28be000 	/System/Library/PrivateFrameworks/SymptomDiagnosticReporter.framework/Versions/A/SymptomDiagnosticReporter
0x00000001c4763000 	/System/Library/PrivateFrameworks/DesktopServicesPriv.framework/Versions/A/DesktopServicesPriv
0x00000001c35d4000 	/usr/lib/libsandbox.1.dylib
0x00000001c816a000 	/System/Library/PrivateFrameworks/UserManagement.framework/Versions/A/UserManagement
0x00000001d3826000 	/System/Library/PrivateFrameworks/DebugSymbols.framework/Versions/A/DebugSymbols
0x00000001ce6e6000 	/System/Library/PrivateFrameworks/NetAuth.framework/Versions/A/NetAuth
0x00000001cf604000 	/System/Library/PrivateFrameworks/Sharing.framework/Versions/A/Sharing
0x00000001c813a000 	/System/Library/PrivateFrameworks/login.framework/Versions/A/Frameworks/loginsupport.framework/Versions/A/loginsupport
0x00000001d4a5d000 	/System/Library/PrivateFrameworks/Apple80211.framework/Versions/A/Apple80211
0x00000001cb2c2000 	/System/Library/PrivateFrameworks/AuthKit.framework/Versions/A/AuthKit
0x00000001ca94a000 	/System/Library/PrivateFrameworks/CoreUtils.framework/Versions/A/CoreUtils
0x00000001ca86d000 	/System/Library/Frameworks/CoreWLAN.framework/Versions/A/CoreWLAN
0x00000001cf774000 	/System/Library/Frameworks/IOBluetooth.framework/Versions/A/IOBluetooth
0x00000001d4abd000 	/System/Library/PrivateFrameworks/CoreWiFi.framework/Versions/A/CoreWiFi
0x00000001d3406000 	/System/Library/PrivateFrameworks/FrontBoardServices.framework/Versions/A/FrontBoardServices
0x00000001d349e000 	/System/Library/PrivateFrameworks/BoardServices.framework/Versions/A/BoardServices
0x00000001cab5d000 	/System/Library/PrivateFrameworks/AssertionServices.framework/Versions/A/AssertionServices
0x00000001d4c3a000 	/System/Library/PrivateFrameworks/BackBoardServices.framework/Versions/A/BackBoardServices
0x00000001ceb5a000 	/System/Library/PrivateFrameworks/CorePhoneNumbers.framework/Versions/A/CorePhoneNumbers
0x00000001ce401000 	/System/Library/PrivateFrameworks/MultiverseSupport.framework/Versions/A/MultiverseSupport
0x00000001d4ebc000 	/System/Library/PrivateFrameworks/RemoteServiceDiscovery.framework/Versions/A/RemoteServiceDiscovery
0x00000001d29ee000 	/System/Library/PrivateFrameworks/DiskManagement.framework/Versions/A/DiskManagement
0x00000001d28f1000 	/System/Library/PrivateFrameworks/AppleIDAuthSupport.framework/Versions/A/AppleIDAuthSupport
0x00000002274e8000 	/System/Library/PrivateFrameworks/AAAFoundation.framework/Versions/A/AAAFoundation
0x00000001ceb39000 	/System/Library/PrivateFrameworks/KeychainCircle.framework/Versions/A/KeychainCircle
0x00000001d4ecc000 	/System/Library/PrivateFrameworks/RemoteXPC.framework/Versions/A/RemoteXPC
0x00000001d29ba000 	/System/Library/PrivateFrameworks/MediaKit.framework/Versions/A/MediaKit
0x00000001d28fe000 	/System/Library/Frameworks/DiscRecording.framework/Versions/A/DiscRecording
0x00000001cc13c000 	/usr/lib/libCoreStorage.dylib
0x00000001d4f38000 	/usr/lib/libcsfde.dylib
0x00000001cf849000 	/System/Library/PrivateFrameworks/ProtectedCloudStorage.framework/Versions/A/ProtectedCloudStorage
0x00000001d4f30000 	/System/Library/PrivateFrameworks/EFILogin.framework/Versions/A/EFILogin
0x00000001d2ccd000 	/System/Library/PrivateFrameworks/OctagonTrust.framework/Versions/A/OctagonTrust
0x000000022c10a000 	/System/Library/PrivateFrameworks/CoreUtilsExtras.framework/Versions/A/CoreUtilsExtras
0x00000001d2823000 	/System/Library/Frameworks/CoreBluetooth.framework/Versions/A/CoreBluetooth
0x00000001d55ce000 	/System/Library/Frameworks/AudioUnit.framework/Versions/A/AudioUnit
0x00000001cc134000 	/usr/lib/libMatch.1.dylib
0x00000001e537b000 	/System/Library/Frameworks/Accelerate.framework/Versions/A/Frameworks/vImage.framework/Versions/A/Libraries/libCGInterfaces.dylib
0x0000000115f24000 	/usr/lib/libobjc-trampolines.dylib
0x00000001c7e34000 	/System/Library/PrivateFrameworks/ViewBridge.framework/Versions/A/ViewBridge
0x0000000117e6c000 	/Users/aneeshsallaram/.openjfx/cache/17/libjavafx_font.dylib
0x00000001cc898000 	/System/Library/PrivateFrameworks/login.framework/Versions/A/login
0x00000002406fb000 	/usr/lib/libRosetta.dylib


VM Arguments:
jvm_args: --module-path=/Users/aneeshsallaram/.m2/repository/org/openjfx/javafx-base/17/javafx-base-17-mac-aarch64.jar:/Users/aneeshsallaram/.m2/repository/org/openjfx/javafx-base/17/javafx-base-17.jar:/Users/aneeshsallaram/.m2/repository/org/openjfx/javafx-controls/17/javafx-controls-17-mac-aarch64.jar:/Users/aneeshsallaram/.m2/repository/org/openjfx/javafx-controls/17/javafx-controls-17.jar:/Users/aneeshsallaram/.m2/repository/org/openjfx/javafx-fxml/17/javafx-fxml-17-mac-aarch64.jar:/Users/aneeshsallaram/.m2/repository/org/openjfx/javafx-fxml/17/javafx-fxml-17.jar:/Users/aneeshsallaram/.m2/repository/org/openjfx/javafx-graphics/17/javafx-graphics-17-mac-aarch64.jar:/Users/aneeshsallaram/.m2/repository/org/openjfx/javafx-graphics/17/javafx-graphics-17.jar --add-modules=javafx.base,javafx.base,javafx.controls,javafx.controls,javafx.fxml,javafx.fxml,javafx.graphics,javafx.graphics 
java_command: com.comp301.a09akari.Main
java_class_path (initial): /Users/aneeshsallaram/IdeaProjects/a09-akari-asallaram/target/classes
Launcher Type: SUN_STANDARD

[Global flags]
     intx CICompilerCount                          = 4                                         {product} {ergonomic}
     uint ConcGCThreads                            = 2                                         {product} {ergonomic}
     uint G1ConcRefinementThreads                  = 8                                         {product} {ergonomic}
   size_t G1HeapRegionSize                         = 2097152                                   {product} {ergonomic}
    uintx GCDrainStackTargetSize                   = 64                                        {product} {ergonomic}
   size_t InitialHeapSize                          = 268435456                                 {product} {ergonomic}
   size_t MarkStackSize                            = 4194304                                   {product} {ergonomic}
   size_t MaxHeapSize                              = 4294967296                                {product} {ergonomic}
   size_t MaxNewSize                               = 2575302656                                {product} {ergonomic}
   size_t MinHeapDeltaBytes                        = 2097152                                   {product} {ergonomic}
   size_t MinHeapSize                              = 8388608                                   {product} {ergonomic}
    uintx NonNMethodCodeHeapSize                   = 5839564                                {pd product} {ergonomic}
    uintx NonProfiledCodeHeapSize                  = 122909338                              {pd product} {ergonomic}
    uintx ProfiledCodeHeapSize                     = 122909338                              {pd product} {ergonomic}
    uintx ReservedCodeCacheSize                    = 251658240                              {pd product} {ergonomic}
     bool SegmentedCodeCache                       = true                                      {product} {ergonomic}
   size_t SoftMaxHeapSize                          = 4294967296                             {manageable} {ergonomic}
     bool UseCompressedClassPointers               = true                           {product lp64_product} {ergonomic}
     bool UseCompressedOops                        = true                           {product lp64_product} {ergonomic}
     bool UseG1GC                                  = true                                      {product} {ergonomic}
     bool UseNUMA                                  = false                                     {product} {ergonomic}
     bool UseNUMAInterleaving                      = false                                     {product} {ergonomic}

Logging:
Log output configuration:
 #0: stdout all=warning uptime,level,tags foldmultilines=false
 #1: stderr all=off uptime,level,tags foldmultilines=false

Environment Variables:
PATH=/opt/homebrew/bin:/opt/homebrew/sbin:/Library/Frameworks/Python.framework/Versions/3.10/bin:/usr/local/bin:/usr/bin:/bin:/usr/sbin:/sbin
SHELL=/bin/zsh
LC_CTYPE=en_US.UTF-8
TMPDIR=/var/folders/71/cvpn7clj68q1lpf_6ydc7z7w0000gn/T/

Active Locale:
LC_ALL=C/en_US.UTF-8/C/C/C/C
LC_COLLATE=C
LC_CTYPE=en_US.UTF-8
LC_MESSAGES=C
LC_MONETARY=C
LC_NUMERIC=C
LC_TIME=C

Signal Handlers:
   SIGSEGV: _ZL13crash_handleriP9__siginfoPv in libjvm.dylib, mask=11100110000111110111111111111111, flags=SA_ONSTACK|SA_RESTART|SA_SIGINFO, unblocked
    SIGBUS: _ZL13crash_handleriP9__siginfoPv in libjvm.dylib, mask=11100110000111110111111111111111, flags=SA_RESTART|SA_SIGINFO, unblocked
    SIGFPE: _ZL13crash_handleriP9__siginfoPv in libjvm.dylib, mask=11100110000111110111111111111111, flags=SA_RESTART|SA_SIGINFO, unblocked
   SIGPIPE: _ZL17javaSignalHandleriP9__siginfoPv in libjvm.dylib, mask=11100110000111110111111111111111, flags=SA_RESTART|SA_SIGINFO, blocked
   SIGXFSZ: _ZL17javaSignalHandleriP9__siginfoPv in libjvm.dylib, mask=11100110000111110111111111111111, flags=SA_RESTART|SA_SIGINFO, blocked
    SIGILL: _ZL13crash_handleriP9__siginfoPv in libjvm.dylib, mask=11100110000111110111111111111111, flags=SA_RESTART|SA_SIGINFO, unblocked
   SIGUSR2: _ZL10SR_handleriP9__siginfoPv in libjvm.dylib, mask=00100000000000000000000000000000, flags=SA_RESTART|SA_SIGINFO, blocked
    SIGHUP: _ZL11UserHandleriP9__siginfoPv in libjvm.dylib, mask=11100110000111110111111111111111, flags=SA_RESTART|SA_SIGINFO, blocked
    SIGINT: _ZL11UserHandleriP9__siginfoPv in libjvm.dylib, mask=11100110000111110111111111111111, flags=SA_RESTART|SA_SIGINFO, blocked
   SIGTERM: _ZL11UserHandleriP9__siginfoPv in libjvm.dylib, mask=11100110000111110111111111111111, flags=SA_RESTART|SA_SIGINFO, blocked
   SIGQUIT: _ZL11UserHandleriP9__siginfoPv in libjvm.dylib, mask=11100110000111110111111111111111, flags=SA_RESTART|SA_SIGINFO, blocked
   SIGTRAP: _ZL13crash_handleriP9__siginfoPv in libjvm.dylib, mask=11100110000111110111111111111111, flags=SA_RESTART|SA_SIGINFO, unblocked


---------------  S Y S T E M  ---------------

OS:
uname: Darwin 21.6.0 Darwin Kernel Version 21.6.0: Mon Aug 22 20:19:52 PDT 2022; root:xnu-8020.140.49~2/RELEASE_ARM64_T6000 arm64
OS uptime: 56 days 18:47 hours
rlimit (soft/hard): STACK 8176k/65520k , CORE 0k/infinity , NPROC 2666/4000 , NOFILE 10240/infinity , AS infinity/infinity , CPU infinity/infinity , DATA infinity/infinity , FSIZE infinity/infinity , MEMLOCK infinity/infinity , RSS infinity/infinity
load average: 6.28 4.03 3.35

CPU: total 8 (initial active 8) 0x61:0x0:0x1b588bb3:0, fp, asimd, aes, pmull, crc32, lse

Memory: 16k page, physical 16777216k(104096k free), swap 3145728k(1355008k free)

vm_info: Java HotSpot(TM) 64-Bit Server VM (20.0.2+9-78) for bsd-aarch64 JRE (20.0.2+9-78), built on 2023-06-14T10:08:48Z by "mach5one" with clang Apple LLVM 12.0.0 (clang-1200.0.32.29)

END.
